#
# A fatal error has been detected by the Java Runtime Environment:
#
#  SIGSEGV (0xb) at pc=0xb4cd7d5a, pid=20087, tid=3078687600
#
# JRE version: 6.0_22-b22
# Java VM: OpenJDK Server VM (20.0-b11 mixed mode linux-x86 )
# Derivative: IcedTea6 1.10.4
# Distribution: Ubuntu 11.04, package 6b22-1.10.4-0ubuntu1~11.04.1
# Problematic frame:
# J  sun.misc.URLClassPath.getLoader(I)Lsun/misc/URLClassPath$Loader;
#
# If you would like to submit a bug report, please include
# instructions how to reproduce the bug and visit:
#   https://bugs.launchpad.net/ubuntu/+source/openjdk-6/
#

---------------  T H R E A D  ---------------

Current thread (0x0824f800):  JavaThread "main" [_thread_in_Java, id=20092, stack(0xb77c0000,0xb7811000)]

siginfo:si_signo=SIGSEGV: si_errno=0, si_code=128 (), si_addr=0x00000000

Registers:
EAX=0x00000031, EBX=0x75e91780, ECX=0x00000001, EDX=0x00000000
ESP=0xb780e560, EBP=0x0824f800, ESI=0xb780e5d0, EDI=0x7e250db0
EIP=0xb4cd7d5a, EFLAGS=0x00210297, CR2=0x00000010

Top of Stack: (sp=0xb780e560)
0xb780e560:   01644ff4 00000010 01644ff4 0824f800
0xb780e570:   00000000 00000000 012bf0f2 0824f800
0xb780e580:   00000000 01644ff4 b780e5b8 0140f375
0xb780e590:   76675aa0 00000028 b780e5b8 0140f2ad
0xb780e5a0:   76675b08 014c30fe 76504c10 01644ff4
0xb780e5b0:   0824fbb8 01644ff4 b780e5f8 b47c3047
0xb780e5c0:   0824f800 b780e5f8 b47c96f2 b47c3047
0xb780e5d0:   00000000 7e250db0 b780e5d8 75e91282 

Instructions: (pc=0xb4cd7d5a)
0xb4cd7d3a:   89 54 24 14 8b f9 8b 01 8b c8 83 e1 07 8b ec c1
0xb4cd7d4a:   ed 0c 8b 2c ad e0 a4 66 01 89 6c 24 0c 83 f9 05
0xb4cd7d5a:   0f 85 ff 0d 00 00 b9 48 20 e9 75 8b 69 64 8b dd
0xb4cd7d6a:   8b 54 24 0c 0b da 8b cb 33 c8 f7 c1 87 ff ff ff 

Register to memory mapping:

EAX=0x00000031 is an unknown value
EBX=0x75e91780 is an oop
{method} 
 - klass: {other class}
ECX=0x00000001 is an unknown value
EDX=0x00000000 is an unknown value
ESP=0xb780e560 is pointing into the stack for thread: 0x0824f800
EBP=0x0824f800 is a thread
ESI=0xb780e5d0 is pointing into the stack for thread: 0x0824f800
EDI=0x7e250db0 is an oop
sun.misc.URLClassPath 
 - klass: 'sun/misc/URLClassPath'


Stack: [0xb77c0000,0xb7811000],  sp=0xb780e560,  free space=313k
Native frames: (J=compiled Java code, j=interpreted, Vv=VM code, C=native code)
J  sun.misc.URLClassPath.getLoader(I)Lsun/misc/URLClassPath$Loader;


---------------  P R O C E S S  ---------------

Java Threads: ( => current thread )
  0x09e1fc00 JavaThread "resolver-5" daemon [_thread_blocked, id=20113, stack(0x7400d000,0x7405e000)]
  0x74a29400 JavaThread "resolver-4" daemon [_thread_blocked, id=20112, stack(0x7405e000,0x740af000)]
  0x738fd400 JavaThread "resolver-3" daemon [_thread_blocked, id=20111, stack(0x732af000,0x73300000)]
  0x737fa800 JavaThread "resolver-2" daemon [_thread_blocked, id=20110, stack(0x740af000,0x74100000)]
  0x0911bc00 JavaThread "resolver-1" daemon [_thread_blocked, id=20109, stack(0x746af000,0x74700000)]
  0x085a0000 JavaThread "com.google.inject.internal.util.$Finalizer" daemon [_thread_blocked, id=20106, stack(0x74daf000,0x74e00000)]
  0x75604c00 JavaThread "Low Memory Detector" daemon [_thread_blocked, id=20103, stack(0x75017000,0x75068000)]
  0x75602c00 JavaThread "C2 CompilerThread1" daemon [_thread_in_native, id=20102, stack(0x75068000,0x750e9000)]
  0x75600800 JavaThread "C2 CompilerThread0" daemon [_thread_blocked, id=20101, stack(0x750e9000,0x7516a000)]
  0x0830f400 JavaThread "Signal Dispatcher" daemon [_thread_blocked, id=20100, stack(0x75700000,0x75751000)]
  0x082fc800 JavaThread "Finalizer" daemon [_thread_blocked, id=20099, stack(0x75751000,0x757a2000)]
  0x082fb000 JavaThread "Reference Handler" daemon [_thread_blocked, id=20098, stack(0x7536a000,0x753bb000)]
=>0x0824f800 JavaThread "main" [_thread_in_Java, id=20092, stack(0xb77c0000,0xb7811000)]

Other Threads:
  0x082f7000 VMThread [stack: 0x753bb000,0x7543c000] [id=20097]
  0x75606c00 WatcherThread [stack: 0x74f96000,0x75017000] [id=20104]

VM state:not at safepoint (normal execution)

VM Mutex/Monitor currently owned by a thread: None

Heap
 PSYoungGen      total 277504K, used 47851K [0xa23b0000, 0xb4700000, 0xb4700000)
  eden space 259584K, 11% used [0xa23b0000,0xa40ec668,0xb2130000)
  from space 17920K, 99% used [0xb2130000,0xb32ae660,0xb32b0000)
  to   space 20672K, 0% used [0xb32d0000,0xb32d0000,0xb4700000)
 PSOldGen        total 66304K, used 50496K [0x7dd00000, 0x81dc0000, 0xa23b0000)
  object space 66304K, 76% used [0x7dd00000,0x80e50080,0x81dc0000)
 PSPermGen       total 64000K, used 46861K [0x75d00000, 0x79b80000, 0x7dd00000)
  object space 64000K, 73% used [0x75d00000,0x78ac3668,0x79b80000)

Code Cache  [0xb47c0000, 0xb4ce0000, 0xb77c0000)
 total_blobs=1637 nmethods=1506 adapters=84 free_code_cache=45309376 largest_free_block=54080

Dynamic libraries:
00110000-001ef000 r-xp 00000000 08:05 7684       /usr/lib/i386-linux-gnu/libstdc++.so.6.0.14
001ef000-001f3000 r--p 000de000 08:05 7684       /usr/lib/i386-linux-gnu/libstdc++.so.6.0.14
001f3000-001f4000 rw-p 000e2000 08:05 7684       /usr/lib/i386-linux-gnu/libstdc++.so.6.0.14
001f4000-001fb000 rw-p 00000000 00:00 0 
001fb000-0021e000 r-xp 00000000 08:05 9957       /usr/lib/jvm/java-6-openjdk/jre/lib/i386/libjava.so
0021e000-0021f000 r--p 00022000 08:05 9957       /usr/lib/jvm/java-6-openjdk/jre/lib/i386/libjava.so
0021f000-00221000 rw-p 00023000 08:05 9957       /usr/lib/jvm/java-6-openjdk/jre/lib/i386/libjava.so
00221000-00227000 r-xp 00000000 08:05 11548      /usr/lib/jvm/java-6-openjdk/jre/lib/i386/libzip.so
00227000-00228000 r--p 00005000 08:05 11548      /usr/lib/jvm/java-6-openjdk/jre/lib/i386/libzip.so
00228000-00229000 rw-p 00006000 08:05 11548      /usr/lib/jvm/java-6-openjdk/jre/lib/i386/libzip.so
00229000-0023c000 r-xp 00000000 08:05 9968       /usr/lib/jvm/java-6-openjdk/jre/lib/i386/libnet.so
0023c000-0023d000 r--p 00013000 08:05 9968       /usr/lib/jvm/java-6-openjdk/jre/lib/i386/libnet.so
0023d000-0023e000 rw-p 00014000 08:05 9968       /usr/lib/jvm/java-6-openjdk/jre/lib/i386/libnet.so
0023e000-00245000 r-xp 00000000 08:05 9970       /usr/lib/jvm/java-6-openjdk/jre/lib/i386/libnio.so
00245000-00246000 r--p 00006000 08:05 9970       /usr/lib/jvm/java-6-openjdk/jre/lib/i386/libnio.so
00246000-00247000 rw-p 00007000 08:05 9970       /usr/lib/jvm/java-6-openjdk/jre/lib/i386/libnio.so
002ab000-002ad000 r-xp 00000000 08:05 782669     /lib/i386-linux-gnu/libdl-2.13.so
002ad000-002ae000 r--p 00001000 08:05 782669     /lib/i386-linux-gnu/libdl-2.13.so
002ae000-002af000 rw-p 00002000 08:05 782669     /lib/i386-linux-gnu/libdl-2.13.so
002dc000-002ef000 r-xp 00000000 08:05 782699     /lib/i386-linux-gnu/libnsl-2.13.so
002ef000-002f0000 r--p 00012000 08:05 782699     /lib/i386-linux-gnu/libnsl-2.13.so
002f0000-002f1000 rw-p 00013000 08:05 782699     /lib/i386-linux-gnu/libnsl-2.13.so
002f1000-002f3000 rw-p 00000000 00:00 0 
0036d000-00391000 r-xp 00000000 08:05 782696     /lib/i386-linux-gnu/libm-2.13.so
00391000-00392000 r--p 00023000 08:05 782696     /lib/i386-linux-gnu/libm-2.13.so
00392000-00393000 rw-p 00024000 08:05 782696     /lib/i386-linux-gnu/libm-2.13.so
004cc000-004d3000 r-xp 00000000 08:05 782728     /lib/i386-linux-gnu/librt-2.13.so
004d3000-004d4000 r--p 00006000 08:05 782728     /lib/i386-linux-gnu/librt-2.13.so
004d4000-004d5000 rw-p 00007000 08:05 782728     /lib/i386-linux-gnu/librt-2.13.so
004dd000-004f0000 r-xp 00000000 08:05 782742     /lib/i386-linux-gnu/libz.so.1.2.3.4
004f0000-004f1000 r--p 00012000 08:05 782742     /lib/i386-linux-gnu/libz.so.1.2.3.4
004f1000-004f2000 rw-p 00013000 08:05 782742     /lib/i386-linux-gnu/libz.so.1.2.3.4
00603000-0060e000 r-xp 00000000 08:05 11547      /usr/lib/jvm/java-6-openjdk/jre/lib/i386/libverify.so
0060e000-0060f000 ---p 0000b000 08:05 11547      /usr/lib/jvm/java-6-openjdk/jre/lib/i386/libverify.so
0060f000-00610000 r--p 0000b000 08:05 11547      /usr/lib/jvm/java-6-openjdk/jre/lib/i386/libverify.so
00610000-00611000 rw-p 0000c000 08:05 11547      /usr/lib/jvm/java-6-openjdk/jre/lib/i386/libverify.so
0073e000-00748000 r-xp 00000000 08:05 782705     /lib/i386-linux-gnu/libnss_files-2.13.so
00748000-00749000 r--p 00009000 08:05 782705     /lib/i386-linux-gnu/libnss_files-2.13.so
00749000-0074a000 rw-p 0000a000 08:05 782705     /lib/i386-linux-gnu/libnss_files-2.13.so
007be000-007c7000 r-xp 00000000 08:05 782709     /lib/i386-linux-gnu/libnss_nis-2.13.so
007c7000-007c8000 r--p 00008000 08:05 782709     /lib/i386-linux-gnu/libnss_nis-2.13.so
007c8000-007c9000 rw-p 00009000 08:05 782709     /lib/i386-linux-gnu/libnss_nis-2.13.so
007ce000-007d4000 r-xp 00000000 08:05 782701     /lib/i386-linux-gnu/libnss_compat-2.13.so
007d4000-007d5000 r--p 00005000 08:05 782701     /lib/i386-linux-gnu/libnss_compat-2.13.so
007d5000-007d6000 rw-p 00006000 08:05 782701     /lib/i386-linux-gnu/libnss_compat-2.13.so
009fc000-00a11000 r-xp 00000000 08:05 782724     /lib/i386-linux-gnu/libpthread-2.13.so
00a11000-00a12000 r--p 00015000 08:05 782724     /lib/i386-linux-gnu/libpthread-2.13.so
00a12000-00a13000 rw-p 00016000 08:05 782724     /lib/i386-linux-gnu/libpthread-2.13.so
00a13000-00a15000 rw-p 00000000 00:00 0 
00b1d000-00b20000 r-xp 00000000 08:05 9945       /usr/lib/jvm/java-6-openjdk/jre/lib/i386/jli/libjli.so
00b20000-00b21000 r--p 00002000 08:05 9945       /usr/lib/jvm/java-6-openjdk/jre/lib/i386/jli/libjli.so
00b21000-00b22000 rw-p 00003000 08:05 9945       /usr/lib/jvm/java-6-openjdk/jre/lib/i386/jli/libjli.so
00c69000-00c85000 r-xp 00000000 08:05 782646     /lib/i386-linux-gnu/ld-2.13.so
00c85000-00c86000 r--p 0001b000 08:05 782646     /lib/i386-linux-gnu/ld-2.13.so
00c86000-00c87000 rw-p 0001c000 08:05 782646     /lib/i386-linux-gnu/ld-2.13.so
00cc0000-00cda000 r-xp 00000000 08:05 782687     /lib/i386-linux-gnu/libgcc_s.so.1
00cda000-00cdb000 r--p 00019000 08:05 782687     /lib/i386-linux-gnu/libgcc_s.so.1
00cdb000-00cdc000 rw-p 0001a000 08:05 782687     /lib/i386-linux-gnu/libgcc_s.so.1
00d41000-00e9b000 r-xp 00000000 08:05 782659     /lib/i386-linux-gnu/libc-2.13.so
00e9b000-00e9c000 ---p 0015a000 08:05 782659     /lib/i386-linux-gnu/libc-2.13.so
00e9c000-00e9e000 r--p 0015a000 08:05 782659     /lib/i386-linux-gnu/libc-2.13.so
00e9e000-00e9f000 rw-p 0015c000 08:05 782659     /lib/i386-linux-gnu/libc-2.13.so
00e9f000-00ea2000 rw-p 00000000 00:00 0 
00f38000-00f39000 r-xp 00000000 00:00 0          [vdso]
00f39000-015ff000 r-xp 00000000 08:05 11551      /usr/lib/jvm/java-6-openjdk/jre/lib/i386/server/libjvm.so
015ff000-01600000 ---p 006c6000 08:05 11551      /usr/lib/jvm/java-6-openjdk/jre/lib/i386/server/libjvm.so
01600000-01645000 r--p 006c6000 08:05 11551      /usr/lib/jvm/java-6-openjdk/jre/lib/i386/server/libjvm.so
01645000-01654000 rw-p 0070b000 08:05 11551      /usr/lib/jvm/java-6-openjdk/jre/lib/i386/server/libjvm.so
01654000-01a6e000 rw-p 00000000 00:00 0 
08048000-08051000 r-xp 00000000 08:05 13083      /usr/lib/jvm/java-6-openjdk/jre/bin/java
08051000-08052000 r--p 00008000 08:05 13083      /usr/lib/jvm/java-6-openjdk/jre/bin/java
08052000-08053000 rw-p 00009000 08:05 13083      /usr/lib/jvm/java-6-openjdk/jre/bin/java
08248000-0cd73000 rw-p 00000000 00:00 0          [heap]
6e300000-6e3ff000 rw-p 00000000 00:00 0 
6e3ff000-6e400000 ---p 00000000 00:00 0 
6e400000-6e4cc000 rw-p 00000000 00:00 0 
6e4cc000-6e500000 ---p 00000000 00:00 0 
6e500000-6e5e4000 rw-p 00000000 00:00 0 
6e5e4000-6e600000 ---p 00000000 00:00 0 
6e600000-6e6fb000 rw-p 00000000 00:00 0 
6e6fb000-6e700000 ---p 00000000 00:00 0 
6e700000-6e7fa000 rw-p 00000000 00:00 0 
6e7fa000-6e800000 ---p 00000000 00:00 0 
6e800000-6e8fe000 rw-p 00000000 00:00 0 
6e8fe000-6e900000 ---p 00000000 00:00 0 
6e900000-6e9e0000 rw-p 00000000 00:00 0 
6e9e0000-6ea00000 ---p 00000000 00:00 0 
6ea00000-6eaed000 rw-p 00000000 00:00 0 
6eaed000-6eb00000 ---p 00000000 00:00 0 
6eb00000-6ecf1000 rw-p 00000000 00:00 0 
6ecf1000-6ed00000 ---p 00000000 00:00 0 
6ed00000-6eef5000 rw-p 00000000 00:00 0 
6eef5000-6ef00000 ---p 00000000 00:00 0 
6ef00000-6effe000 rw-p 00000000 00:00 0 
6effe000-6f000000 ---p 00000000 00:00 0 
6f000000-6f200000 rw-p 00000000 00:00 0 
6f200000-6f400000 rw-p 00000000 00:00 0 
6f400000-6f600000 rw-p 00000000 00:00 0 
6f600000-6f800000 rw-p 00000000 00:00 0 
6f800000-6fa00000 rw-p 00000000 00:00 0 
6fa00000-6fc00000 rw-p 00000000 00:00 0 
6fc00000-6fe00000 rw-p 00000000 00:00 0 
6fe00000-70000000 rw-p 00000000 00:00 0 
70000000-70200000 rw-p 00000000 00:00 0 
70200000-70400000 rw-p 00000000 00:00 0 
70400000-70600000 rw-p 00000000 00:00 0 
70600000-70800000 rw-p 00000000 00:00 0 
70800000-70a00000 rw-p 00000000 00:00 0 
70a00000-70c00000 rw-p 00000000 00:00 0 
70c00000-70e00000 rw-p 00000000 00:00 0 
70e00000-71000000 rw-p 00000000 00:00 0 
71000000-71200000 rw-p 00000000 00:00 0 
71200000-71400000 rw-p 00000000 00:00 0 
71400000-71600000 rw-p 00000000 00:00 0 
71600000-716fa000 rw-p 00000000 00:00 0 
716fa000-71700000 ---p 00000000 00:00 0 
71800000-718f9000 rw-p 00000000 00:00 0 
718f9000-71900000 ---p 00000000 00:00 0 
71a00000-71afc000 rw-p 00000000 00:00 0 
71afc000-71b00000 ---p 00000000 00:00 0 
71b00000-71bfb000 rw-p 00000000 00:00 0 
71bfb000-71c00000 ---p 00000000 00:00 0 
71c00000-71dfc000 rw-p 00000000 00:00 0 
71dfc000-71e00000 ---p 00000000 00:00 0 
71e00000-71ec6000 rw-p 00000000 00:00 0 
71ec6000-71f00000 ---p 00000000 00:00 0 
72000000-720fc000 rw-p 00000000 00:00 0 
720fc000-72100000 ---p 00000000 00:00 0 
72100000-721f0000 rw-p 00000000 00:00 0 
721f0000-72200000 ---p 00000000 00:00 0 
72300000-723f9000 rw-p 00000000 00:00 0 
723f9000-72400000 ---p 00000000 00:00 0 
72400000-72500000 rw-p 00000000 00:00 0 
72500000-725fb000 rw-p 00000000 00:00 0 
725fb000-72600000 ---p 00000000 00:00 0 
72600000-726fe000 rw-p 00000000 00:00 0 
726fe000-72700000 ---p 00000000 00:00 0 
72700000-727dc000 rw-p 00000000 00:00 0 
727dc000-72800000 ---p 00000000 00:00 0 
72800000-728d8000 rw-p 00000000 00:00 0 
728d8000-72900000 ---p 00000000 00:00 0 
72900000-729fb000 rw-p 00000000 00:00 0 
729fb000-72a00000 ---p 00000000 00:00 0 
72a00000-72ae0000 rw-p 00000000 00:00 0 
72ae0000-72b00000 ---p 00000000 00:00 0 
72b00000-72d00000 rw-p 00000000 00:00 0 
72d00000-72f00000 rw-p 00000000 00:00 0 
72f00000-73100000 rw-p 00000000 00:00 0 
73100000-73200000 rw-p 00000000 00:00 0 
73260000-732af000 r--s 00564000 08:09 2886793    /homelocal/nicolas/.m2/repository/org/eclipse/persistence/eclipselink/2.1.2/eclipselink-2.1.2.jar
732af000-732b2000 ---p 00000000 00:00 0 
732b2000-73300000 rw-p 00000000 00:00 0 
73300000-733f5000 rw-p 00000000 00:00 0 
733f5000-73400000 ---p 00000000 00:00 0 
73400000-734fb000 rw-p 00000000 00:00 0 
734fb000-73500000 ---p 00000000 00:00 0 
73500000-735fb000 rw-p 00000000 00:00 0 
735fb000-73600000 ---p 00000000 00:00 0 
73637000-73639000 r--s 00009000 08:09 2887015    /homelocal/nicolas/.m2/repository/org/glassfish/external/management-api/3.0.0-b012/management-api-3.0.0-b012.jar
73639000-7363b000 r--s 00004000 08:09 2887014    /homelocal/nicolas/.m2/repository/org/glassfish/gmbal/gmbal-api-only/3.0.0-b023/gmbal-api-only-3.0.0-b023.jar
7363b000-7363d000 r--s 0000e000 08:09 5115272    /homelocal/nicolas/.m2/repository/com/sun/xml/txw2/txw2/20090102/txw2-20090102.jar
7363d000-73641000 r--s 00023000 08:09 5115271    /homelocal/nicolas/.m2/repository/com/sun/xml/ws/policy/2.0-b01/policy-2.0-b01.jar
73641000-73643000 r--s 00008000 08:09 2887010    /homelocal/nicolas/.m2/repository/org/jvnet/mimepull/1.4/mimepull-1.4.jar
73643000-73645000 r--s 00005000 08:09 5115267    /homelocal/nicolas/.m2/repository/javax/xml/stream/stax-api/1.0/stax-api-1.0.jar
73645000-73647000 r--s 0000d000 08:09 5115263    /homelocal/nicolas/.m2/repository/com/sun/xml/stream/buffer/streambuffer/1.0/streambuffer-1.0.jar
73647000-7364c000 r--s 00042000 08:09 5115262    /homelocal/nicolas/.m2/repository/com/sun/xml/messaging/saaj/saaj-impl/1.3.4/saaj-impl-1.3.4.jar
7364c000-7365f000 r--s 000c3000 08:09 5115261    /homelocal/nicolas/.m2/repository/com/sun/xml/bind/jaxb-impl/2.2/jaxb-impl-2.2.jar
7365f000-73660000 r--s 00001000 08:09 5115255    /homelocal/nicolas/.m2/repository/javax/jws/jsr181-api/1.0-MR1/jsr181-api-1.0-MR1.jar
73660000-73661000 r--s 00001000 08:09 4326706    /homelocal/nicolas/.m2/repository/javax/annotation/jsr250-api/1.0/jsr250-api-1.0.jar
73661000-73663000 r--s 00005000 08:09 5115257    /homelocal/nicolas/.m2/repository/javax/xml/soap/saaj-api/1.3.1/saaj-api-1.3.1.jar
73663000-73667000 r--s 00016000 08:09 5115256    /homelocal/nicolas/.m2/repository/javax/xml/bind/jaxb-api/2.2/jaxb-api-2.2.jar
73667000-7366a000 r--s 0000b000 08:09 5115254    /homelocal/nicolas/.m2/repository/javax/xml/ws/jaxws-api/2.2/jaxws-api-2.2.jar
7366a000-73685000 r--s 0014f000 08:09 4458967    /homelocal/nicolas/.m2/repository/com/sun/xml/ws/jaxws-rt/2.2/jaxws-rt-2.2.jar
73685000-73687000 r--s 00008000 08:09 3673984    /homelocal/nicolas/git/fsnet/entities/target/entities-0.7.3-SNAPSHOT.jar
73687000-7368d000 r--s 00034000 08:09 4197471    /homelocal/nicolas/.m2/repository/junit/junit/4.8.2/junit-4.8.2.jar
7368d000-7368f000 r--s 00005000 08:09 2886955    /homelocal/nicolas/.m2/repository/org/codehaus/jackson/jackson-xc/1.5.5/jackson-xc-1.5.5.jar
7368f000-73691000 r--s 00003000 08:09 2886954    /homelocal/nicolas/.m2/repository/org/codehaus/jackson/jackson-jaxrs/1.5.5/jackson-jaxrs-1.5.5.jar
73691000-7369b000 r--s 0006d000 08:09 2886951    /homelocal/nicolas/.m2/repository/org/codehaus/jackson/jackson-mapper-asl/1.5.5/jackson-mapper-asl-1.5.5.jar
7369b000-7369e000 r--s 00027000 08:09 2886950    /homelocal/nicolas/.m2/repository/org/codehaus/jackson/jackson-core-asl/1.5.5/jackson-core-asl-1.5.5.jar
7369e000-736a0000 r--s 0000f000 08:09 2886948    /homelocal/nicolas/.m2/repository/org/codehaus/jettison/jettison/1.1/jettison-1.1.jar
736a0000-736a3000 r--s 00020000 08:09 4984151    /homelocal/nicolas/.m2/repository/com/sun/jersey/jersey-json/1.4/jersey-json-1.4.jar
736a3000-736a4000 r--s 0000a000 08:09 4197494    /homelocal/nicolas/.m2/repository/asm/asm/3.1/asm-3.1.jar
736a4000-736af000 r--s 00065000 08:09 4984153    /homelocal/nicolas/.m2/repository/com/sun/jersey/jersey-core/1.4/jersey-core-1.4.jar
736af000-736c0000 r--s 00095000 08:09 4984152    /homelocal/nicolas/.m2/repository/com/sun/jersey/jersey-server/1.4/jersey-server-1.4.jar
736c0000-736fb000 r--s 002c6000 08:09 5242885    /homelocal/nicolas/.m2/repository/com/sun/xml/bind/jaxb-xjc/2.1.11/jaxb-xjc-2.1.11.jar
736fb000-736fd000 r--s 0000c000 08:09 4459553    /homelocal/nicolas/.m2/repository/org/apache/maven/surefire/maven-surefire-common/2.7.1/maven-surefire-common-2.7.1.jar
736fd000-73700000 r--s 00019000 08:09 4459552    /homelocal/nicolas/.m2/repository/org/apache/maven/surefire/surefire-api/2.7.1/surefire-api-2.7.1.jar
73700000-737fb000 rw-p 00000000 00:00 0 
737fb000-73800000 ---p 00000000 00:00 0 
73800000-738fe000 rw-p 00000000 00:00 0 
738fe000-73900000 ---p 00000000 00:00 0 
73900000-73af6000 rw-p 00000000 00:00 0 
73af6000-73b00000 ---p 00000000 00:00 0 
73b00000-73bff000 rw-p 00000000 00:00 0 
73bff000-73c00000 ---p 00000000 00:00 0 
73c02000-73c08000 r--s 00025000 08:09 5115284    /homelocal/nicolas/.m2/repository/javax/xml/webservices-api/1.4/webservices-api-1.4.jar
73c08000-73c0d000 r--s 0001c000 08:09 2886792    /homelocal/nicolas/.m2/repository/org/eclipse/persistence/javax.persistence/2.0.0/javax.persistence-2.0.0.jar
73c0d000-73c10000 ---p 00000000 00:00 0 
73c10000-73c5e000 rw-p 00000000 00:00 0 
73c5e000-73c61000 ---p 00000000 00:00 0 
73c61000-73caf000 rw-p 00000000 00:00 0 
73caf000-73cb2000 ---p 00000000 00:00 0 
73cb2000-73d00000 rw-p 00000000 00:00 0 
73d00000-73df7000 rw-p 00000000 00:00 0 
73df7000-73e00000 ---p 00000000 00:00 0 
73e00000-73efb000 rw-p 00000000 00:00 0 
73efb000-73f00000 ---p 00000000 00:00 0 
73f00000-73ffe000 rw-p 00000000 00:00 0 
73ffe000-74000000 ---p 00000000 00:00 0 
74001000-74003000 r--s 0001b000 08:09 4458974    /homelocal/nicolas/.m2/repository/com/jgoodies/forms/1.2.1/forms-1.2.1.jar
74003000-74004000 r--s 00004000 08:09 5115275    /homelocal/nicolas/.m2/repository/com/sun/istack/istack-commons-runtime/2.2/istack-commons-runtime-2.2.jar
74004000-74006000 r--s 00018000 08:09 4458875    /homelocal/nicolas/.m2/repository/javax/servlet/servlet-api/2.5/servlet-api-2.5.jar
74006000-7400d000 r--s 0006a000 08:09 4458873    /homelocal/nicolas/.m2/repository/javax/mail/mail/1.4.3/mail-1.4.3.jar
7400d000-74010000 ---p 00000000 00:00 0 
74010000-7405e000 rw-p 00000000 00:00 0 
7405e000-74061000 ---p 00000000 00:00 0 
74061000-740af000 rw-p 00000000 00:00 0 
740af000-740b2000 ---p 00000000 00:00 0 
740b2000-74100000 rw-p 00000000 00:00 0 
74100000-742fe000 rw-p 00000000 00:00 0 
742fe000-74300000 ---p 00000000 00:00 0 
74300000-743fb000 rw-p 00000000 00:00 0 
743fb000-74400000 ---p 00000000 00:00 0 
74400000-744ef000 rw-p 00000000 00:00 0 
744ef000-74500000 ---p 00000000 00:00 0 
74500000-745fa000 rw-p 00000000 00:00 0 
745fa000-74600000 ---p 00000000 00:00 0 
74600000-74601000 r--s 00001000 08:09 3017603    /homelocal/nicolas/git/fsnet/mobile-services-model/target/mobile-services.jar
74601000-74609000 r--s 00049000 08:09 2887137    /homelocal/nicolas/.m2/repository/backport-util-concurrent/backport-util-concurrent/3.1/backport-util-concurrent-3.1.jar
74609000-7460b000 r--s 00008000 08:09 3016914    /homelocal/nicolas/.m2/repository/org/jvnet/mimepull/1.3/mimepull-1.3.jar
7460b000-7460d000 r--s 0000f000 08:09 5115268    /homelocal/nicolas/.m2/repository/com/sun/org/apache/xml/internal/resolver/20050927/resolver-20050927.jar
7460d000-74613000 r--s 00079000 08:09 4722086    /homelocal/nicolas/.m2/repository/org/codehaus/woodstox/wstx-asl/3.2.3/wstx-asl-3.2.3.jar
74613000-74615000 r--s 0001e000 08:09 5111823    /homelocal/nicolas/.m2/repository/com/sun/xml/stream/buffer/streambuffer/0.9/streambuffer-0.9.jar
74615000-74617000 r--s 00003000 08:09 5246837    /homelocal/nicolas/.m2/repository/javax/xml/soap/saaj-api/1.3/saaj-api-1.3.jar
74617000-7461d000 r--s 00040000 08:09 5111822    /homelocal/nicolas/.m2/repository/com/sun/xml/messaging/saaj/saaj-impl/1.3.3/saaj-impl-1.3.3.jar
7461d000-7462f000 r--s 000c2000 08:09 4980741    /homelocal/nicolas/.m2/repository/com/sun/xml/bind/jaxb-impl/2.1.11/jaxb-impl-2.1.11.jar
7462f000-74631000 r--s 00004000 08:09 4984157    /homelocal/nicolas/.m2/repository/javax/xml/stream/stax-api/1.0-2/stax-api-1.0-2.jar
74631000-74634000 r--s 00013000 08:09 4984156    /homelocal/nicolas/.m2/repository/javax/xml/bind/jaxb-api/2.1/jaxb-api-2.1.jar
74634000-74637000 r--s 00006000 08:09 5246833    /homelocal/nicolas/.m2/repository/javax/xml/ws/jaxws-api/2.1/jaxws-api-2.1.jar
74637000-74650000 r--s 00129000 08:09 4456473    /homelocal/nicolas/.m2/repository/com/sun/xml/ws/jaxws-rt/2.1.7/jaxws-rt-2.1.7.jar
74650000-746af000 r--s 00d91000 08:05 156045     /usr/lib/jvm/java-6-openjdk/lib/tools.jar
746af000-746b2000 ---p 00000000 00:00 0 
746b2000-74700000 rw-p 00000000 00:00 0 
74700000-747fa000 rw-p 00000000 00:00 0 
747fa000-74800000 ---p 00000000 00:00 0 
74800000-748fe000 rw-p 00000000 00:00 0 
748fe000-74900000 ---p 00000000 00:00 0 
74900000-749fa000 rw-p 00000000 00:00 0 
749fa000-74a00000 ---p 00000000 00:00 0 
74a00000-74afb000 rw-p 00000000 00:00 0 
74afb000-74b00000 ---p 00000000 00:00 0 
74b00000-74bfa000 rw-p 00000000 00:00 0 
74bfa000-74c00000 ---p 00000000 00:00 0 
74c00000-74cfa000 rw-p 00000000 00:00 0 
74cfa000-74d00000 ---p 00000000 00:00 0 
74d00000-74d01000 r--s 00002000 08:09 3934321    /homelocal/nicolas/git/fsnet/mobile-services/target/mobile-services-0.7.3-SNAPSHOT.jar
74d01000-74d03000 r--s 00002000 08:09 3279471    /homelocal/nicolas/git/fsnet/commons/target/commons-0.7.3-SNAPSHOT.jar
74d03000-74d05000 r--s 00009000 08:09 3017592    /homelocal/nicolas/git/fsnet/facade/target/facade-0.7.3-SNAPSHOT.jar
74d05000-74d07000 r--s 0000b000 08:09 4066570    /homelocal/nicolas/.m2/repository/org/codehaus/plexus/plexus-interpolation/1.11/plexus-interpolation-1.11.jar
74d07000-74d09000 r--s 0000e000 08:09 4458874    /homelocal/nicolas/.m2/repository/javax/activation/activation/1.1/activation-1.1.jar
74d09000-74d0a000 r--s 00002000 08:09 2887008    /homelocal/nicolas/.m2/repository/org/jvnet/staxex/stax-ex/1.2/stax-ex-1.2.jar
74d0a000-74d13000 r--s 00077000 08:09 5111821    /homelocal/nicolas/.m2/repository/com/sun/xml/ws/jaxws-tools/2.1.7/jaxws-tools-2.1.7.jar
74d13000-74d14000 r--s 00005000 08:09 4065230    /homelocal/nicolas/.m2/repository/org/jvnet/jax-ws-commons/jaxws-maven-plugin/2.1/jaxws-maven-plugin-2.1.jar
74d14000-74d16000 r--s 00007000 08:09 4589955    /homelocal/nicolas/.m2/repository/org/apache/maven/shared/maven-filtering/1.0-beta-2/maven-filtering-1.0-beta-2.jar
74d16000-74d18000 r--s 00005000 08:09 4458957    /homelocal/nicolas/.m2/repository/xpp3/xpp3_min/1.1.4c/xpp3_min-1.1.4c.jar
74d18000-74d23000 r--s 0005f000 08:09 4326683    /homelocal/nicolas/.m2/repository/com/thoughtworks/xstream/xstream/1.3.1/xstream-1.3.1.jar
74d23000-74d26000 r--s 0000a000 08:09 3934999    /homelocal/nicolas/.m2/repository/org/codehaus/plexus/plexus-io/1.0.1/plexus-io-1.0.1.jar
74d26000-74d2a000 r--s 00029000 08:09 4589954    /homelocal/nicolas/.m2/repository/org/codehaus/plexus/plexus-archiver/1.2/plexus-archiver-1.2.jar
74d2a000-74d2c000 r--s 00011000 08:09 4328224    /homelocal/nicolas/.m2/repository/org/apache/maven/plugins/maven-war-plugin/2.1.1/maven-war-plugin-2.1.1.jar
74d2c000-74d30000 r--s 0002f000 08:09 4325741    /homelocal/nicolas/.m2/repository/commons-lang/commons-lang/2.1/commons-lang-2.1.jar
74d30000-74d33000 r--s 0000a000 08:09 3933512    /homelocal/nicolas/.m2/repository/org/codehaus/plexus/plexus-io/1.0/plexus-io-1.0.jar
74d33000-74d37000 r--s 00028000 08:09 3933511    /homelocal/nicolas/.m2/repository/org/codehaus/plexus/plexus-archiver/1.0/plexus-archiver-1.0.jar
74d37000-74d38000 r--s 00004000 08:09 4325742    /homelocal/nicolas/.m2/repository/org/apache/maven/maven-archiver/2.4.1/maven-archiver-2.4.1.jar
74d38000-74d39000 r--s 00007000 08:09 4195868    /homelocal/nicolas/.m2/repository/org/apache/maven/plugins/maven-jar-plugin/2.3.1/maven-jar-plugin-2.3.1.jar
74d39000-74d3a000 r--s 00002000 08:09 4196165    /homelocal/nicolas/.m2/repository/org/apache/maven/reporting/maven-reporting-api/2.0.9/maven-reporting-api-2.0.9.jar
74d3a000-74d3c000 r--s 00006000 08:09 4325712    /homelocal/nicolas/.m2/repository/org/apache/maven/shared/maven-common-artifact-filters/1.3/maven-common-artifact-filters-1.3.jar
74d3c000-74d3d000 r--s 00007000 08:09 4459551    /homelocal/nicolas/.m2/repository/org/apache/maven/surefire/surefire-booter/2.7.1/surefire-booter-2.7.1.jar
74d3d000-74d3f000 r--s 00006000 08:09 4328746    /homelocal/nicolas/.m2/repository/org/apache/maven/plugins/maven-surefire-plugin/2.7.1/maven-surefire-plugin-2.7.1.jar
74d3f000-74d40000 r--s 00002000 08:09 4066047    /homelocal/nicolas/.m2/repository/org/codehaus/plexus/plexus-compiler-javac/1.8/plexus-compiler-javac-1.8.jar
74d40000-74d42000 r--s 00000000 08:09 3934988    /homelocal/nicolas/.m2/repository/org/codehaus/plexus/plexus-compiler-manager/1.8/plexus-compiler-manager-1.8.jar
74d42000-74d43000 r--s 00004000 08:09 3934989    /homelocal/nicolas/.m2/repository/org/codehaus/plexus/plexus-compiler-api/1.8/plexus-compiler-api-1.8.jar
74d43000-74d45000 r--s 00006000 08:09 4197465    /homelocal/nicolas/.m2/repository/org/apache/maven/plugins/maven-compiler-plugin/2.3.1/maven-compiler-plugin-2.3.1.jar
74d45000-74d47000 r--s 0000d000 08:09 3932972    /homelocal/nicolas/.m2/repository/org/codehaus/plexus/plexus-interpolation/1.13/plexus-interpolation-1.13.jar
74d47000-74d48000 r--s 00001000 08:09 3673451    /homelocal/nicolas/.m2/repository/org/sonatype/plexus/plexus-build-api/0.0.4/plexus-build-api-0.0.4.jar
74d48000-74d4a000 r--s 00007000 08:09 4325558    /homelocal/nicolas/.m2/repository/org/apache/maven/shared/maven-filtering/1.0-beta-4/maven-filtering-1.0-beta-4.jar
74d4a000-74d4b000 r--s 00001000 08:09 4325557    /homelocal/nicolas/.m2/repository/org/apache/maven/doxia/doxia-sink-api/1.0-alpha-7/doxia-sink-api-1.0-alpha-7.jar
74d4b000-74d4c000 r--s 00005000 08:09 4195923    /homelocal/nicolas/.m2/repository/org/apache/maven/plugins/maven-resources-plugin/2.4.3/maven-resources-plugin-2.4.3.jar
74d4c000-74d4d000 r--s 00002000 08:09 3934093    /homelocal/nicolas/.m2/repository/org/codehaus/plexus/plexus-digest/1.0/plexus-digest-1.0.jar
74d4d000-74d51000 r--s 00033000 08:09 3278792    /homelocal/nicolas/.m2/repository/org/codehaus/plexus/plexus-utils/2.0.5/plexus-utils-2.0.5.jar
74d51000-74d54000 r--s 0001b000 08:09 4325462    /homelocal/nicolas/.m2/repository/junit/junit/3.8.1/junit-3.8.1.jar
74d54000-74d55000 r--s 00005000 08:09 4195970    /homelocal/nicolas/.m2/repository/org/apache/maven/plugins/maven-install-plugin/2.3.1/maven-install-plugin-2.3.1.jar
74d55000-74d59000 r--s 0003c000 08:09 4325404    /homelocal/nicolas/.m2/repository/commons-lang/commons-lang/2.4/commons-lang-2.4.jar
74d59000-74d5b000 r--s 00005000 08:09 4326689    /homelocal/nicolas/.m2/repository/stax/stax-api/1.0.1/stax-api-1.0.1.jar
74d5b000-74d62000 r--s 00079000 08:09 4458681    /homelocal/nicolas/.m2/repository/org/codehaus/woodstox/wstx-asl/3.2.7/wstx-asl-3.2.7.jar
74d62000-74d63000 r--s 00002000 08:09 3933647    /homelocal/nicolas/.m2/repository/org/codehaus/plexus/plexus-i18n/1.0-beta-7/plexus-i18n-1.0-beta-7.jar
74d63000-74d67000 r--s 00034000 08:09 3934973    /homelocal/nicolas/.m2/repository/org/codehaus/plexus/plexus-utils/1.5.15/plexus-utils-1.5.15.jar
74d67000-74d69000 r--s 00004000 08:09 4325945    /homelocal/nicolas/.m2/repository/org/apache/maven/doxia/doxia-module-xhtml/1.0/doxia-module-xhtml-1.0.jar
74d69000-74d6a000 r--s 00006000 08:09 4325944    /homelocal/nicolas/.m2/repository/org/apache/maven/doxia/doxia-module-xdoc/1.0/doxia-module-xdoc-1.0.jar
74d6a000-74d6b000 r--s 00004000 08:09 4325940    /homelocal/nicolas/.m2/repository/org/apache/maven/doxia/doxia-module-fml/1.0/doxia-module-fml-1.0.jar
74d6b000-74d6d000 r--s 0000a000 08:09 4325939    /homelocal/nicolas/.m2/repository/org/apache/maven/doxia/doxia-module-apt/1.0/doxia-module-apt-1.0.jar
74d6d000-74d7a000 r--s 0007f000 08:09 4325938    /homelocal/nicolas/.m2/repository/commons-collections/commons-collections/3.2/commons-collections-3.2.jar
74d7a000-74d7b000 r--s 0000b000 08:09 4325937    /homelocal/nicolas/.m2/repository/org/apache/maven/doxia/doxia-decoration-model/1.0/doxia-decoration-model-1.0.jar
74d7b000-74d83000 r--s 00058000 08:09 4325935    /homelocal/nicolas/.m2/repository/org/apache/velocity/velocity/1.5/velocity-1.5.jar
74d83000-74d84000 r--s 00001000 08:09 3933648    /homelocal/nicolas/.m2/repository/org/codehaus/plexus/plexus-velocity/1.1.7/plexus-velocity-1.1.7.jar
74d84000-74d86000 r--s 0000a000 08:09 4325930    /homelocal/nicolas/.m2/repository/org/apache/maven/doxia/doxia-site-renderer/1.0/doxia-site-renderer-1.0.jar
74d86000-74d87000 r--s 00002000 08:09 4325926    /homelocal/nicolas/.m2/repository/org/apache/maven/doxia/doxia-sink-api/1.0/doxia-sink-api-1.0.jar
74d87000-74d88000 r--s 00002000 08:09 3016838    /homelocal/nicolas/.m2/repository/org/apache/maven/wagon/wagon-file/1.0-beta-2/wagon-file-1.0-beta-2.jar
74d88000-74d8b000 r--s 00020000 08:09 3934972    /homelocal/nicolas/.m2/repository/org/codehaus/plexus/plexus-archiver/1.0-alpha-7/plexus-archiver-1.0-alpha-7.jar
74d8b000-74d8c000 r--s 00007000 08:09 4325960    /homelocal/nicolas/.m2/repository/org/apache/maven/shared/maven-plugin-testing-harness/1.1/maven-plugin-testing-harness-1.1.jar
74d8c000-74d8e000 r--s 00006000 08:09 4325959    /homelocal/nicolas/.m2/repository/org/apache/maven/shared/maven-common-artifact-filters/1.2/maven-common-artifact-filters-1.2.jar
74d8e000-74d91000 r--s 0000b000 08:09 4458678    /homelocal/nicolas/.m2/repository/org/apache/maven/doxia/doxia-core/1.0-alpha-10/doxia-core-1.0-alpha-10.jar
74d91000-74d96000 r--s 00016000 08:09 4328204    /homelocal/nicolas/.m2/repository/xml-apis/xml-apis/1.0.b2/xml-apis-1.0.b2.jar
74d96000-74d98000 r--s 0000e000 08:09 4196131    /homelocal/nicolas/.m2/repository/oro/oro/2.0.8/oro-2.0.8.jar
74d98000-74d9a000 r--s 00008000 08:09 4195843    /homelocal/nicolas/.m2/repository/commons-logging/commons-logging/1.0.4/commons-logging-1.0.4.jar
74d9a000-74d9e000 r--s 00026000 08:09 4458672    /homelocal/nicolas/.m2/repository/commons-digester/commons-digester/1.6/commons-digester-1.6.jar
74d9e000-74da3000 r--s 0002a000 08:09 4458674    /homelocal/nicolas/.m2/repository/commons-beanutils/commons-beanutils/1.7.0/commons-beanutils-1.7.0.jar
74da3000-74da6000 r--s 00014000 08:09 4458673    /homelocal/nicolas/.m2/repository/commons-validator/commons-validator/1.2.0/commons-validator-1.2.0.jar
74da6000-74da7000 r--s 00004000 08:09 4458675    /homelocal/nicolas/.m2/repository/org/apache/maven/reporting/maven-reporting-impl/2.0.4.1/maven-reporting-impl-2.0.4.1.jar
74da7000-74da8000 r--s 00002000 08:09 4196159    /homelocal/nicolas/.m2/repository/org/apache/maven/reporting/maven-reporting-api/2.0.6/maven-reporting-api-2.0.6.jar
74da8000-74daa000 r--s 00002000 08:09 3932970    /homelocal/nicolas/.m2/repository/org/codehaus/plexus/plexus-interactivity-api/1.0-alpha-4/plexus-interactivity-api-1.0-alpha-4.jar
74daa000-74dac000 r--s 00006000 08:09 4325559    /homelocal/nicolas/.m2/repository/commons-cli/commons-cli/1.0/commons-cli-1.0.jar
74dac000-74daf000 r--s 0002f000 08:09 3410852    /homelocal/nicolas/.m2/repository/org/codehaus/mojo/versions-maven-plugin/1.2/versions-maven-plugin-1.2.jar
74daf000-74db2000 ---p 00000000 00:00 0 
74db2000-74e00000 rw-p 00000000 00:00 0 
74e00000-74efb000 rw-p 00000000 00:00 0 
74efb000-74f00000 ---p 00000000 00:00 0 
74f00000-74f01000 r--p 00000000 00:00 0 
74f01000-74f11000 r--s 000bc000 08:09 3276804    /homelocal/nicolas/Bureau/eclipse/configuration/org.eclipse.osgi/bundles/829/1/.cp/netty-3.2.4.Final.jar
74f11000-74f17000 r--s 0004c000 08:09 3148800    /homelocal/nicolas/Bureau/eclipse/configuration/org.eclipse.osgi/bundles/756/1/.cp/async-http-client-1.6.3.jar
74f17000-74f19000 r--s 00005000 08:09 3673635    /homelocal/nicolas/Bureau/eclipse/plugins/org.eclipse.m2e.maven.runtime_1.0.100.20110804-1717/jars/wagon-ahc-1.2.0.jar
74f19000-74f1b000 r--s 0000c000 08:09 3673629    /homelocal/nicolas/Bureau/eclipse/plugins/org.eclipse.m2e.maven.runtime_1.0.100.20110804-1717/jars/aether-connector-asynchttpclient-1.11.jar
74f1b000-74f1e000 r--s 0001e000 08:09 3673641    /homelocal/nicolas/Bureau/eclipse/plugins/org.eclipse.m2e.maven.runtime_1.0.100.20110804-1717/jars/aether-impl-1.11.jar
74f1e000-74f20000 r--s 0000d000 08:09 3673611    /homelocal/nicolas/Bureau/eclipse/plugins/org.eclipse.m2e.maven.runtime_1.0.100.20110804-1717/jars/wagon-provider-api-1.0-beta-6.jar
74f20000-74f23000 r--s 0001d000 08:09 3673614    /homelocal/nicolas/Bureau/eclipse/plugins/org.eclipse.m2e.maven.runtime_1.0.100.20110804-1717/jars/aether-util-1.11.jar
74f23000-74f25000 r--s 00004000 08:09 3673631    /homelocal/nicolas/Bureau/eclipse/plugins/org.eclipse.m2e.maven.runtime_1.0.100.20110804-1717/jars/aether-spi-1.11.jar
74f25000-74f28000 r--s 00015000 08:09 3673613    /homelocal/nicolas/Bureau/eclipse/plugins/org.eclipse.m2e.maven.runtime_1.0.100.20110804-1717/jars/aether-api-1.11.jar
74f28000-74f2a000 r--s 00007000 08:09 3673630    /homelocal/nicolas/Bureau/eclipse/plugins/org.eclipse.m2e.maven.runtime_1.0.100.20110804-1717/jars/aether-connector-wagon-1.11.jar
74f2a000-74f35000 r--s 00073000 08:09 3673602    /homelocal/nicolas/Bureau/eclipse/plugins/org.eclipse.m2e.maven.runtime_1.0.100.20110804-1717/jars/sisu-guice-2.9.4-no_aop.jar
74f35000-74f39000 r--s 00036000 08:09 3673619    /homelocal/nicolas/Bureau/eclipse/plugins/org.eclipse.m2e.maven.runtime_1.0.100.20110804-1717/jars/plexus-utils-2.0.6.jar
74f39000-74f3a000 r--s 00005000 08:09 3673638    /homelocal/nicolas/Bureau/eclipse/plugins/org.eclipse.m2e.maven.runtime_1.0.100.20110804-1717/jars/guice-plexus-scanners-2.0.0.jar
74f3a000-74f3c000 r--s 00006000 08:09 3673620    /homelocal/nicolas/Bureau/eclipse/plugins/org.eclipse.m2e.maven.runtime_1.0.100.20110804-1717/jars/guice-plexus-binders-2.0.0.jar
74f3c000-74f3d000 r--s 00004000 08:09 3673615    /homelocal/nicolas/Bureau/eclipse/plugins/org.eclipse.m2e.maven.runtime_1.0.100.20110804-1717/jars/guice-plexus-locators-2.0.0.jar
74f3d000-74f3f000 r--s 00002000 08:09 3673637    /homelocal/nicolas/Bureau/eclipse/plugins/org.eclipse.m2e.maven.runtime_1.0.100.20110804-1717/jars/guice-plexus-converters-2.0.0.jar
74f3f000-74f40000 r--s 00004000 08:09 3673634    /homelocal/nicolas/Bureau/eclipse/plugins/org.eclipse.m2e.maven.runtime_1.0.100.20110804-1717/jars/guice-plexus-metadata-2.0.0.jar
74f40000-74f42000 r--s 00001000 08:09 3673628    /homelocal/nicolas/Bureau/eclipse/plugins/org.eclipse.m2e.maven.runtime_1.0.100.20110804-1717/jars/guice-bean-converters-2.0.0.jar
74f42000-74f44000 r--s 00012000 08:09 3673609    /homelocal/nicolas/Bureau/eclipse/plugins/org.eclipse.m2e.maven.runtime_1.0.100.20110804-1717/jars/guice-bean-scanners-2.0.0.jar
74f44000-74f46000 r--s 00007000 08:09 3673640    /homelocal/nicolas/Bureau/eclipse/plugins/org.eclipse.m2e.maven.runtime_1.0.100.20110804-1717/jars/guice-bean-binders-2.0.0.jar
74f46000-74f49000 r--s 0000b000 08:09 3673636    /homelocal/nicolas/Bureau/eclipse/plugins/org.eclipse.m2e.maven.runtime_1.0.100.20110804-1717/jars/guice-bean-locators-2.0.0.jar
74f49000-74f4b000 r--s 00002000 08:09 3673625    /homelocal/nicolas/Bureau/eclipse/plugins/org.eclipse.m2e.maven.runtime_1.0.100.20110804-1717/jars/guice-bean-inject-2.0.0.jar
74f4b000-74f4d000 r--s 00009000 08:09 3673612    /homelocal/nicolas/Bureau/eclipse/plugins/org.eclipse.m2e.maven.runtime_1.0.100.20110804-1717/jars/guice-bean-reflect-2.0.0.jar
74f4d000-74f4e000 r--s 00001000 08:09 3673626    /homelocal/nicolas/Bureau/eclipse/plugins/org.eclipse.m2e.maven.runtime_1.0.100.20110804-1717/jars/javax.inject-1.jar
74f4e000-74f50000 r--s 00001000 08:09 3673622    /homelocal/nicolas/Bureau/eclipse/plugins/org.eclipse.m2e.maven.runtime_1.0.100.20110804-1717/jars/plexus-component-annotations-1.5.5.jar
74f50000-74f55000 r--s 0001d000 08:09 3673605    /homelocal/nicolas/Bureau/eclipse/plugins/org.eclipse.m2e.maven.runtime_1.0.100.20110804-1717/jars/guice-plexus-shim-2.0.0.jar
74f55000-74f56000 r--s 00003000 08:09 3673604    /homelocal/nicolas/Bureau/eclipse/plugins/org.eclipse.m2e.maven.runtime_1.0.100.20110804-1717/jars/wagon-file-1.0-beta-7.jar
74f56000-74f58000 r--s 0000a000 08:09 3673607    /homelocal/nicolas/Bureau/eclipse/plugins/org.eclipse.m2e.maven.runtime_1.0.100.20110804-1717/jars/commons-cli-1.2.jar
74f58000-74f5e000 r--s 00044000 08:09 3673632    /homelocal/nicolas/Bureau/eclipse/plugins/org.eclipse.m2e.maven.runtime_1.0.100.20110804-1717/jars/maven-compat-3.0.2.jar
74f5e000-74f60000 r--s 0000f000 08:09 3673608    /homelocal/nicolas/Bureau/eclipse/plugins/org.eclipse.m2e.maven.runtime_1.0.100.20110804-1717/jars/plexus-interpolation-1.14.jar
74f60000-74f62000 r--s 0000d000 08:09 3673623    /homelocal/nicolas/Bureau/eclipse/plugins/org.eclipse.m2e.maven.runtime_1.0.100.20110804-1717/jars/maven-aether-provider-3.0.2.jar
74f62000-74f64000 r--s 0000d000 08:09 3673600    /homelocal/nicolas/Bureau/eclipse/plugins/org.eclipse.m2e.maven.runtime_1.0.100.20110804-1717/jars/maven-artifact-3.0.2.jar
74f64000-74f65000 r--s 00008000 08:09 3673603    /homelocal/nicolas/Bureau/eclipse/plugins/org.eclipse.m2e.maven.runtime_1.0.100.20110804-1717/jars/maven-repository-metadata-3.0.2.jar
74f65000-74f67000 r--s 0000a000 08:09 3673617    /homelocal/nicolas/Bureau/eclipse/plugins/org.eclipse.m2e.maven.runtime_1.0.100.20110804-1717/jars/maven-settings-builder-3.0.2.jar
74f67000-74f69000 r--s 00028000 08:09 3673639    /homelocal/nicolas/Bureau/eclipse/plugins/org.eclipse.m2e.maven.runtime_1.0.100.20110804-1717/jars/maven-model-3.0.2.jar
74f69000-74f75000 r--s 00081000 08:09 3673610    /homelocal/nicolas/Bureau/eclipse/plugins/org.eclipse.m2e.maven.runtime_1.0.100.20110804-1717/jars/maven-core-3.0.2.jar
74f75000-74f76000 r--s 00004000 08:09 3673601    /homelocal/nicolas/Bureau/eclipse/plugins/org.eclipse.m2e.maven.runtime_1.0.100.20110804-1717/jars/plexus-cipher-1.4.jar
74f76000-74f78000 r--s 00007000 08:09 3673616    /homelocal/nicolas/Bureau/eclipse/plugins/org.eclipse.m2e.maven.runtime_1.0.100.20110804-1717/jars/plexus-sec-dispatcher-1.3.jar
74f78000-74f7d000 r--s 00023000 08:09 3673633    /homelocal/nicolas/Bureau/eclipse/plugins/org.eclipse.m2e.maven.runtime_1.0.100.20110804-1717/jars/maven-model-builder-3.0.2.jar
74f7d000-74f7f000 r--s 0000c000 08:09 3673627    /homelocal/nicolas/Bureau/eclipse/plugins/org.eclipse.m2e.maven.runtime_1.0.100.20110804-1717/jars/maven-plugin-api-3.0.2.jar
74f7f000-74f80000 r--s 0000c000 08:09 3673618    /homelocal/nicolas/Bureau/eclipse/plugins/org.eclipse.m2e.maven.runtime_1.0.100.20110804-1717/jars/maven-settings-3.0.2.jar
74f80000-74f81000 r--s 0000b000 08:09 3673624    /homelocal/nicolas/Bureau/eclipse/plugins/org.eclipse.m2e.maven.runtime_1.0.100.20110804-1717/jars/maven-embedder-3.0.2.jar
74f81000-74f88000 r--s 000fb000 08:05 9935       /usr/lib/jvm/java-6-openjdk/jre/lib/resources.jar
74f88000-74f8b000 r--s 0007d000 08:05 9931       /usr/lib/jvm/java-6-openjdk/jre/lib/jsse.jar
74f8b000-74f8e000 r--s 0000b000 08:09 3673606    /homelocal/nicolas/Bureau/eclipse/plugins/org.eclipse.m2e.maven.runtime_1.0.100.20110804-1717/jars/plexus-classworlds-2.4.jar
74f8e000-74f96000 r--s 00066000 08:05 293132     /usr/share/java/gnome-java-bridge.jar
74f96000-74f97000 ---p 00000000 00:00 0 
74f97000-75017000 rw-p 00000000 00:00 0 
75017000-7501a000 ---p 00000000 00:00 0 
7501a000-75068000 rw-p 00000000 00:00 0 
75068000-7506b000 ---p 00000000 00:00 0 
7506b000-750e9000 rw-p 00000000 00:00 0 
750e9000-750ec000 ---p 00000000 00:00 0 
750ec000-7516a000 rw-p 00000000 00:00 0 
7516a000-7536a000 r--p 00000000 08:05 9348       /usr/lib/locale/locale-archive
7536a000-7536d000 ---p 00000000 00:00 0 
7536d000-753bb000 rw-p 00000000 00:00 0 
753bb000-753bc000 ---p 00000000 00:00 0 
753bc000-7546f000 rw-p 00000000 00:00 0 
7546f000-75600000 r--s 037b1000 08:05 9941       /usr/lib/jvm/java-6-openjdk/jre/lib/rt.jar
75600000-756fb000 rw-p 00000000 00:00 0 
756fb000-75700000 ---p 00000000 00:00 0 
75700000-75703000 ---p 00000000 00:00 0 
75703000-75751000 rw-p 00000000 00:00 0 
75751000-75754000 ---p 00000000 00:00 0 
75754000-757a2000 rw-p 00000000 00:00 0 
757a2000-757a3000 ---p 00000000 00:00 0 
757a3000-75823000 rw-p 00000000 00:00 0 
75823000-75824000 ---p 00000000 00:00 0 
75824000-758a4000 rw-p 00000000 00:00 0 
758a4000-758a5000 ---p 00000000 00:00 0 
758a5000-75925000 rw-p 00000000 00:00 0 
75925000-75926000 ---p 00000000 00:00 0 
75926000-759c6000 rw-p 00000000 00:00 0 
759c6000-759e6000 rw-p 00000000 00:00 0 
759e6000-75a07000 rw-p 00000000 00:00 0 
75a07000-75b0a000 rw-p 00000000 00:00 0 
75b0a000-75b2a000 rw-p 00000000 00:00 0 
75b2a000-75b4a000 rw-p 00000000 00:00 0 
75b4a000-75b6b000 rw-p 00000000 00:00 0 
75b6b000-75c6d000 rw-p 00000000 00:00 0 
75c6d000-75cff000 rw-p 00000000 00:00 0 
75cff000-79b80000 rw-p 00000000 00:00 0 
79b80000-7dd00000 rw-p 00000000 00:00 0 
7dd00000-81dc0000 rw-p 00000000 00:00 0 
81dc0000-a23b0000 rw-p 00000000 00:00 0 
a23b0000-b4700000 rw-p 00000000 00:00 0 
b4700000-b4715000 rw-p 00000000 00:00 0 
b4715000-b47c0000 rw-p 00000000 00:00 0 
b47c0000-b4ce0000 rwxp 00000000 00:00 0 
b4ce0000-b77c0000 rw-p 00000000 00:00 0 
b77c0000-b77c3000 ---p 00000000 00:00 0 
b77c3000-b7814000 rw-p 00000000 00:00 0 
b7814000-b7816000 r--s 00009000 08:09 3148445    /homelocal/nicolas/Bureau/eclipse/plugins/org.eclipse.m2e.maven.runtime_1.0.100.20110804-1717/local-patches.jar
b7816000-b7819000 r--s 0000f000 08:05 6887       /usr/lib/jvm/java-6-openjdk/jre/lib/ext/pulse-java.jar
b7819000-b781a000 r--p 007ed000 08:05 9348       /usr/lib/locale/locale-archive
b781a000-b7822000 rw-s 00000000 08:05 541884     /tmp/hsperfdata_nicolas/20087
b7822000-b7823000 rw-p 00000000 00:00 0 
b7823000-b7824000 r--p 00000000 00:00 0 
b7824000-b7826000 rw-p 00000000 00:00 0 
bfb74000-bfb95000 rw-p 00000000 00:00 0          [stack]

VM Arguments:
jvm_args: -Dmaven.home=EMBEDDED -Dclassworlds.conf=/homelocal/nicolas/fsnet/.metadata/.plugins/org.eclipse.m2e.core/launches/m2conf8906339902606590603.tmp -Dfile.encoding=UTF-8 
java_command: org.codehaus.plexus.classworlds.launcher.Launcher -B -s /homelocal/nicolas/.m2/settings.xml install
Launcher Type: SUN_STANDARD

Environment Variables:
PATH=/usr/local/sbin:/usr/local/bin:/usr/sbin:/usr/bin:/sbin:/bin:/usr/games:Bureau/tomcat/bin:Bureau/eclipse:/usr/local/usr/tomcat-6.0/bin:/usr/local/ant/bin:/usr/local/mvn/bin:/usr/local/sonar/linux-x86-64
USERNAME=nicolas
LD_LIBRARY_PATH=/usr/lib/jvm/java-6-openjdk/jre/lib/i386/server:/usr/lib/jvm/java-6-openjdk/jre/lib/i386:/usr/lib/jvm/java-6-openjdk/jre/../lib/i386:/usr/lib/jvm/java-6-openjdk/jre/lib/i386/client:/usr/lib/jvm/java-6-openjdk/jre/lib/i386:
SHELL=/bin/bash
DISPLAY=:0.0

Signal Handlers:
SIGSEGV: [libjvm.so+0x656fb0], sa_mask[0]=0x7ffbfeff, sa_flags=0x10000004
SIGBUS: [libjvm.so+0x656fb0], sa_mask[0]=0x7ffbfeff, sa_flags=0x10000004
SIGFPE: [libjvm.so+0x51d4d0], sa_mask[0]=0x7ffbfeff, sa_flags=0x10000004
SIGPIPE: [libjvm.so+0x51d4d0], sa_mask[0]=0x7ffbfeff, sa_flags=0x10000004
SIGXFSZ: [libjvm.so+0x51d4d0], sa_mask[0]=0x7ffbfeff, sa_flags=0x10000004
SIGILL: [libjvm.so+0x51d4d0], sa_mask[0]=0x7ffbfeff, sa_flags=0x10000004
SIGUSR1: SIG_DFL, sa_mask[0]=0x00000000, sa_flags=0x00000000
SIGUSR2: [libjvm.so+0x51d340], sa_mask[0]=0x00000004, sa_flags=0x10000004
SIGHUP: [libjvm.so+0x520130], sa_mask[0]=0x7ffbfeff, sa_flags=0x10000004
SIGINT: [libjvm.so+0x520130], sa_mask[0]=0x7ffbfeff, sa_flags=0x10000004
SIGTERM: [libjvm.so+0x520130], sa_mask[0]=0x7ffbfeff, sa_flags=0x10000004
SIGQUIT: [libjvm.so+0x520130], sa_mask[0]=0x7ffbfeff, sa_flags=0x10000004


---------------  S Y S T E M  ---------------

OS:Ubuntu 11.04 (natty)
uname:Linux 2.6.38-13-generic #53-Ubuntu SMP Mon Nov 28 19:23:39 UTC 2011 i686
libc:glibc 2.13 NPTL 2.13 
rlimit: STACK 8192k, CORE 0k, NPROC infinity, NOFILE 4096, AS infinity
load average:1.00 0.46 0.29

/proc/meminfo:
MemTotal:        3572408 kB
MemFree:          278244 kB
Buffers:          207404 kB
Cached:          1063384 kB
SwapCached:            0 kB
Active:          2313592 kB
Inactive:         850616 kB
Active(anon):    1707708 kB
Inactive(anon):   298368 kB
Active(file):     605884 kB
Inactive(file):   552248 kB
Unevictable:           0 kB
Mlocked:               0 kB
HighTotal:       2719372 kB
HighFree:           3276 kB
LowTotal:         853036 kB
LowFree:          274968 kB
SwapTotal:       8191996 kB
SwapFree:        8191984 kB
Dirty:             25876 kB
Writeback:             0 kB
AnonPages:       1893568 kB
Mapped:           133380 kB
Shmem:            112660 kB
Slab:              82936 kB
SReclaimable:      66076 kB
SUnreclaim:        16860 kB
KernelStack:        3608 kB
PageTables:         9068 kB
NFS_Unstable:          0 kB
Bounce:                0 kB
WritebackTmp:          0 kB
CommitLimit:     9978200 kB
Committed_AS:    3196892 kB
VmallocTotal:     122880 kB
VmallocUsed:       31180 kB
VmallocChunk:      79780 kB
HardwareCorrupted:     0 kB
HugePages_Total:       0
HugePages_Free:        0
HugePages_Rsvd:        0
HugePages_Surp:        0
Hugepagesize:       4096 kB
DirectMap4k:       16376 kB
DirectMap4M:      892928 kB


CPU:total 4 (4 cores per cpu, 1 threads per core) family 6 model 23 stepping 10, cmov, cx8, fxsr, mmx, sse, sse2, sse3, ssse3, sse4.1

Memory: 4k page, physical 3572408k(278244k free), swap 8191996k(8191984k free)

vm_info: OpenJDK Server VM (20.0-b11) for linux-x86 JRE (1.6.0_22-b22), built on Oct 25 2011 06:27:31 by "buildd" with gcc 4.5.2

time: Fri Jan 27 14:02:14 2012
elapsed time: 30 seconds

