#
# A fatal error has been detected by the Java Runtime Environment:
#
#  SIGSEGV (0xb) at pc=0xb4d18a27, pid=6732, tid=3078495088
#
# JRE version: 6.0_22-b22
# Java VM: OpenJDK Server VM (20.0-b11 mixed mode linux-x86 )
# Derivative: IcedTea6 1.10.4
# Distribution: Ubuntu 11.04, package 6b22-1.10.4-0ubuntu1~11.04.1
# Problematic frame:
# J  com.sun.tools.javac.file.ZipFileIndex$ZipDirectory.buildIndex()V
#
# If you would like to submit a bug report, please include
# instructions how to reproduce the bug and visit:
#   https://bugs.launchpad.net/ubuntu/+source/openjdk-6/
#

---------------  T H R E A D  ---------------

Current thread (0x09686800):  JavaThread "main" [_thread_in_Java, id=6737, stack(0xb7791000,0xb77e2000)]

siginfo:si_signo=SIGSEGV: si_errno=0, si_code=128 (), si_addr=0x00000000

Registers:
EAX=0x00000048, EBX=0xa38f0cc8, ECX=0xa38edee8, EDX=0x00000048
ESP=0xb77dfbc0, EBP=0x00000001, ESI=0xb4d18a2c, EDI=0xa38f0d40
EIP=0xb4d18a27, EFLAGS=0x00010283, CR2=0x00000004

Top of Stack: (sp=0xb77dfbc0)
0xb77dfbc0:   a38f0d40 a38f0cc8 000003ea a38edee8
0xb77dfbd0:   00000070 09686800 a38f0d40 a38edf10
0xb77dfbe0:   00000400 0001e605 00000000 0001e605
0xb77dfbf0:   00000000 00000000 00000000 a38edee8
0xb77dfc00:   b77dfc00 79747f92 b77dfc40 b4793ee1
0xb77dfc10:   00000000 79747fe8 b4793ee1 a38edee8
0xb77dfc20:   b77dfc20 79748821 b77dfc48 79748a80
0xb77dfc30:   00000000 79748840 b77dfc1c b77dfc48 

Instructions: (pc=0xb4d18a27)
0xb4d18a07:   ff e9 8f 01 00 00 66 66 90 8b d0 8b 5b 24 8b 4c
0xb4d18a17:   24 0c 8b 7c 24 18 89 3c 24 89 5c 24 04 66 66 90
0xb4d18a27:   e8 68 0b 00 00 8b 4c 24 0c 8b 59 20 45 3b 6c 24
0xb4d18a37:   10 7c d6 8b 4b 24 89 4c 24 10 8b 59 04 81 fb b0 

Register to memory mapping:

EAX=0x00000048 is an unknown value
EBX=0xa38f0cc8 is an oop
java.util.HashMap 
 - klass: 'java/util/HashMap'
ECX=0xa38edee8 is an oop
com.sun.tools.javac.file.ZipFileIndex$ZipDirectory 
 - klass: 'com/sun/tools/javac/file/ZipFileIndex$ZipDirectory'
EDX=0x00000048 is an unknown value
ESP=0xb77dfbc0 is pointing into the stack for thread: 0x09686800
EBP=0x00000001 is an unknown value
ESI=0xb4d18548 [CodeBlob (0xb4d18548)]
Framesize: 20
EDI=0xa38f0d40 is an oop
java.util.ArrayList 
 - klass: 'java/util/ArrayList'


Stack: [0xb7791000,0xb77e2000],  sp=0xb77dfbc0,  free space=314k
Native frames: (J=compiled Java code, j=interpreted, Vv=VM code, C=native code)
J  com.sun.tools.javac.file.ZipFileIndex$ZipDirectory.buildIndex()V


---------------  P R O C E S S  ---------------

Java Threads: ( => current thread )
  0x72cef400 JavaThread "resolver-5" daemon [_thread_blocked, id=6758, stack(0x73f0d000,0x73f5e000)]
  0x72cee000 JavaThread "resolver-4" daemon [_thread_blocked, id=6757, stack(0x73f5e000,0x73faf000)]
  0x72ce3000 JavaThread "resolver-3" daemon [_thread_blocked, id=6756, stack(0x73faf000,0x74000000)]
  0x72c8f000 JavaThread "resolver-2" daemon [_thread_blocked, id=6755, stack(0x74104000,0x74155000)]
  0x72c09800 JavaThread "resolver-1" daemon [_thread_blocked, id=6754, stack(0x74d2a000,0x74d7b000)]
  0x09969c00 JavaThread "com.google.inject.internal.util.$Finalizer" daemon [_thread_blocked, id=6750, stack(0x74d7b000,0x74dcc000)]
  0x75315800 JavaThread "Low Memory Detector" daemon [_thread_blocked, id=6748, stack(0x74fad000,0x74ffe000)]
  0x75313c00 JavaThread "C2 CompilerThread1" daemon [_thread_in_native, id=6747, stack(0x74ffe000,0x7507f000)]
  0x75311800 JavaThread "C2 CompilerThread0" daemon [_thread_in_native, id=6746, stack(0x7507f000,0x75100000)]
  0x75310000 JavaThread "Signal Dispatcher" daemon [_thread_blocked, id=6745, stack(0x7543a000,0x7548b000)]
  0x75300800 JavaThread "Finalizer" daemon [_thread_blocked, id=6744, stack(0x7548b000,0x754dc000)]
  0x09732000 JavaThread "Reference Handler" daemon [_thread_blocked, id=6743, stack(0x754dc000,0x7552d000)]
=>0x09686800 JavaThread "main" [_thread_in_Java, id=6737, stack(0xb7791000,0xb77e2000)]

Other Threads:
  0x0972e000 VMThread [stack: 0x7552d000,0x755ae000] [id=6742]
  0x75317400 WatcherThread [stack: 0x74f2c000,0x74fad000] [id=6749]

VM state:not at safepoint (normal execution)

VM Mutex/Monitor currently owned by a thread: None

Heap
 PSYoungGen      total 260544K, used 37854K [0xa2380000, 0xb4540000, 0xb46d0000)
  eden space 247936K, 10% used [0xa2380000,0xa3c2a968,0xb15a0000)
  from space 12608K, 99% used [0xb15a0000,0xb21ed058,0xb21f0000)
  to   space 24384K, 0% used [0xb2d70000,0xb2d70000,0xb4540000)
 PSOldGen        total 114496K, used 67595K [0x7dcd0000, 0x84ca0000, 0xa2380000)
  object space 114496K, 59% used [0x7dcd0000,0x81ed2fe8,0x84ca0000)
 PSPermGen       total 88448K, used 59884K [0x75cd0000, 0x7b330000, 0x7dcd0000)
  object space 88448K, 67% used [0x75cd0000,0x7974b168,0x7b330000)

Code Cache  [0xb4791000, 0xb4d21000, 0xb7791000)
 total_blobs=1987 nmethods=1855 adapters=85 free_code_cache=44582272 largest_free_block=9536

Dynamic libraries:
00110000-0026a000 r-xp 00000000 08:05 782659     /lib/i386-linux-gnu/libc-2.13.so
0026a000-0026b000 ---p 0015a000 08:05 782659     /lib/i386-linux-gnu/libc-2.13.so
0026b000-0026d000 r--p 0015a000 08:05 782659     /lib/i386-linux-gnu/libc-2.13.so
0026d000-0026e000 rw-p 0015c000 08:05 782659     /lib/i386-linux-gnu/libc-2.13.so
0026e000-00271000 rw-p 00000000 00:00 0 
00271000-0028b000 r-xp 00000000 08:05 782687     /lib/i386-linux-gnu/libgcc_s.so.1
0028b000-0028c000 r--p 00019000 08:05 782687     /lib/i386-linux-gnu/libgcc_s.so.1
0028c000-0028d000 rw-p 0001a000 08:05 782687     /lib/i386-linux-gnu/libgcc_s.so.1
0028d000-00294000 r-xp 00000000 08:05 782728     /lib/i386-linux-gnu/librt-2.13.so
00294000-00295000 r--p 00006000 08:05 782728     /lib/i386-linux-gnu/librt-2.13.so
00295000-00296000 rw-p 00007000 08:05 782728     /lib/i386-linux-gnu/librt-2.13.so
00296000-002a9000 r-xp 00000000 08:05 9968       /usr/lib/jvm/java-6-openjdk/jre/lib/i386/libnet.so
002a9000-002aa000 r--p 00013000 08:05 9968       /usr/lib/jvm/java-6-openjdk/jre/lib/i386/libnet.so
002aa000-002ab000 rw-p 00014000 08:05 9968       /usr/lib/jvm/java-6-openjdk/jre/lib/i386/libnet.so
002ae000-002b4000 r-xp 00000000 08:05 782701     /lib/i386-linux-gnu/libnss_compat-2.13.so
002b4000-002b5000 r--p 00005000 08:05 782701     /lib/i386-linux-gnu/libnss_compat-2.13.so
002b5000-002b6000 rw-p 00006000 08:05 782701     /lib/i386-linux-gnu/libnss_compat-2.13.so
002b6000-002bd000 r-xp 00000000 08:05 9970       /usr/lib/jvm/java-6-openjdk/jre/lib/i386/libnio.so
002bd000-002be000 r--p 00006000 08:05 9970       /usr/lib/jvm/java-6-openjdk/jre/lib/i386/libnio.so
002be000-002bf000 rw-p 00007000 08:05 9970       /usr/lib/jvm/java-6-openjdk/jre/lib/i386/libnio.so
002d0000-002e5000 r-xp 00000000 08:05 782724     /lib/i386-linux-gnu/libpthread-2.13.so
002e5000-002e6000 r--p 00015000 08:05 782724     /lib/i386-linux-gnu/libpthread-2.13.so
002e6000-002e7000 rw-p 00016000 08:05 782724     /lib/i386-linux-gnu/libpthread-2.13.so
002e7000-002e9000 rw-p 00000000 00:00 0 
004c7000-004da000 r-xp 00000000 08:05 782699     /lib/i386-linux-gnu/libnsl-2.13.so
004da000-004db000 r--p 00012000 08:05 782699     /lib/i386-linux-gnu/libnsl-2.13.so
004db000-004dc000 rw-p 00013000 08:05 782699     /lib/i386-linux-gnu/libnsl-2.13.so
004dc000-004de000 rw-p 00000000 00:00 0 
00574000-0057f000 r-xp 00000000 08:05 11547      /usr/lib/jvm/java-6-openjdk/jre/lib/i386/libverify.so
0057f000-00580000 ---p 0000b000 08:05 11547      /usr/lib/jvm/java-6-openjdk/jre/lib/i386/libverify.so
00580000-00581000 r--p 0000b000 08:05 11547      /usr/lib/jvm/java-6-openjdk/jre/lib/i386/libverify.so
00581000-00582000 rw-p 0000c000 08:05 11547      /usr/lib/jvm/java-6-openjdk/jre/lib/i386/libverify.so
00582000-00585000 r-xp 00000000 08:05 9945       /usr/lib/jvm/java-6-openjdk/jre/lib/i386/jli/libjli.so
00585000-00586000 r--p 00002000 08:05 9945       /usr/lib/jvm/java-6-openjdk/jre/lib/i386/jli/libjli.so
00586000-00587000 rw-p 00003000 08:05 9945       /usr/lib/jvm/java-6-openjdk/jre/lib/i386/jli/libjli.so
0061b000-00621000 r-xp 00000000 08:05 11548      /usr/lib/jvm/java-6-openjdk/jre/lib/i386/libzip.so
00621000-00622000 r--p 00005000 08:05 11548      /usr/lib/jvm/java-6-openjdk/jre/lib/i386/libzip.so
00622000-00623000 rw-p 00006000 08:05 11548      /usr/lib/jvm/java-6-openjdk/jre/lib/i386/libzip.so
0073d000-0073f000 r-xp 00000000 08:05 782669     /lib/i386-linux-gnu/libdl-2.13.so
0073f000-00740000 r--p 00001000 08:05 782669     /lib/i386-linux-gnu/libdl-2.13.so
00740000-00741000 rw-p 00002000 08:05 782669     /lib/i386-linux-gnu/libdl-2.13.so
00838000-00839000 r-xp 00000000 00:00 0          [vdso]
0093c000-00a1b000 r-xp 00000000 08:05 7684       /usr/lib/i386-linux-gnu/libstdc++.so.6.0.14
00a1b000-00a1f000 r--p 000de000 08:05 7684       /usr/lib/i386-linux-gnu/libstdc++.so.6.0.14
00a1f000-00a20000 rw-p 000e2000 08:05 7684       /usr/lib/i386-linux-gnu/libstdc++.so.6.0.14
00a20000-00a27000 rw-p 00000000 00:00 0 
00ac9000-00aed000 r-xp 00000000 08:05 782696     /lib/i386-linux-gnu/libm-2.13.so
00aed000-00aee000 r--p 00023000 08:05 782696     /lib/i386-linux-gnu/libm-2.13.so
00aee000-00aef000 rw-p 00024000 08:05 782696     /lib/i386-linux-gnu/libm-2.13.so
00bbc000-00bcf000 r-xp 00000000 08:05 782742     /lib/i386-linux-gnu/libz.so.1.2.3.4
00bcf000-00bd0000 r--p 00012000 08:05 782742     /lib/i386-linux-gnu/libz.so.1.2.3.4
00bd0000-00bd1000 rw-p 00013000 08:05 782742     /lib/i386-linux-gnu/libz.so.1.2.3.4
00c0b000-00c14000 r-xp 00000000 08:05 782709     /lib/i386-linux-gnu/libnss_nis-2.13.so
00c14000-00c15000 r--p 00008000 08:05 782709     /lib/i386-linux-gnu/libnss_nis-2.13.so
00c15000-00c16000 rw-p 00009000 08:05 782709     /lib/i386-linux-gnu/libnss_nis-2.13.so
00cae000-00cd1000 r-xp 00000000 08:05 9957       /usr/lib/jvm/java-6-openjdk/jre/lib/i386/libjava.so
00cd1000-00cd2000 r--p 00022000 08:05 9957       /usr/lib/jvm/java-6-openjdk/jre/lib/i386/libjava.so
00cd2000-00cd4000 rw-p 00023000 08:05 9957       /usr/lib/jvm/java-6-openjdk/jre/lib/i386/libjava.so
00e1e000-00e28000 r-xp 00000000 08:05 782705     /lib/i386-linux-gnu/libnss_files-2.13.so
00e28000-00e29000 r--p 00009000 08:05 782705     /lib/i386-linux-gnu/libnss_files-2.13.so
00e29000-00e2a000 rw-p 0000a000 08:05 782705     /lib/i386-linux-gnu/libnss_files-2.13.so
00f64000-00f80000 r-xp 00000000 08:05 782646     /lib/i386-linux-gnu/ld-2.13.so
00f80000-00f81000 r--p 0001b000 08:05 782646     /lib/i386-linux-gnu/ld-2.13.so
00f81000-00f82000 rw-p 0001c000 08:05 782646     /lib/i386-linux-gnu/ld-2.13.so
00f82000-01648000 r-xp 00000000 08:05 11551      /usr/lib/jvm/java-6-openjdk/jre/lib/i386/server/libjvm.so
01648000-01649000 ---p 006c6000 08:05 11551      /usr/lib/jvm/java-6-openjdk/jre/lib/i386/server/libjvm.so
01649000-0168e000 r--p 006c6000 08:05 11551      /usr/lib/jvm/java-6-openjdk/jre/lib/i386/server/libjvm.so
0168e000-0169d000 rw-p 0070b000 08:05 11551      /usr/lib/jvm/java-6-openjdk/jre/lib/i386/server/libjvm.so
0169d000-01ab7000 rw-p 00000000 00:00 0 
08048000-08051000 r-xp 00000000 08:05 13083      /usr/lib/jvm/java-6-openjdk/jre/bin/java
08051000-08052000 r--p 00008000 08:05 13083      /usr/lib/jvm/java-6-openjdk/jre/bin/java
08052000-08053000 rw-p 00009000 08:05 13083      /usr/lib/jvm/java-6-openjdk/jre/bin/java
0967f000-0bfb0000 rw-p 00000000 00:00 0          [heap]
6b300000-6b3fe000 rw-p 00000000 00:00 0 
6b3fe000-6b400000 ---p 00000000 00:00 0 
6b400000-6b497000 rw-p 00000000 00:00 0 
6b497000-6b500000 ---p 00000000 00:00 0 
6b500000-6b5fa000 rw-p 00000000 00:00 0 
6b5fa000-6b600000 ---p 00000000 00:00 0 
6b600000-6b6fc000 rw-p 00000000 00:00 0 
6b6fc000-6b700000 ---p 00000000 00:00 0 
6b700000-6b7fe000 rw-p 00000000 00:00 0 
6b7fe000-6b800000 ---p 00000000 00:00 0 
6b800000-6b8fd000 rw-p 00000000 00:00 0 
6b8fd000-6b900000 ---p 00000000 00:00 0 
6b900000-6b9ff000 rw-p 00000000 00:00 0 
6b9ff000-6ba00000 ---p 00000000 00:00 0 
6ba00000-6bafa000 rw-p 00000000 00:00 0 
6bafa000-6bb00000 ---p 00000000 00:00 0 
6bb00000-6bbf9000 rw-p 00000000 00:00 0 
6bbf9000-6bc00000 ---p 00000000 00:00 0 
6bc00000-6bcfd000 rw-p 00000000 00:00 0 
6bcfd000-6bd00000 ---p 00000000 00:00 0 
6bd00000-6bdff000 rw-p 00000000 00:00 0 
6bdff000-6be00000 ---p 00000000 00:00 0 
6be00000-6bef9000 rw-p 00000000 00:00 0 
6bef9000-6bf00000 ---p 00000000 00:00 0 
6bf00000-6bffd000 rw-p 00000000 00:00 0 
6bffd000-6c000000 ---p 00000000 00:00 0 
6c000000-6c0f9000 rw-p 00000000 00:00 0 
6c0f9000-6c100000 ---p 00000000 00:00 0 
6c100000-6c1fe000 rw-p 00000000 00:00 0 
6c1fe000-6c200000 ---p 00000000 00:00 0 
6c200000-6c2fa000 rw-p 00000000 00:00 0 
6c2fa000-6c300000 ---p 00000000 00:00 0 
6c300000-6c3fe000 rw-p 00000000 00:00 0 
6c3fe000-6c400000 ---p 00000000 00:00 0 
6c400000-6c4fa000 rw-p 00000000 00:00 0 
6c4fa000-6c500000 ---p 00000000 00:00 0 
6c500000-6c5fb000 rw-p 00000000 00:00 0 
6c5fb000-6c600000 ---p 00000000 00:00 0 
6c600000-6c6fe000 rw-p 00000000 00:00 0 
6c6fe000-6c700000 ---p 00000000 00:00 0 
6c700000-6c7fb000 rw-p 00000000 00:00 0 
6c7fb000-6c800000 ---p 00000000 00:00 0 
6c800000-6c8fe000 rw-p 00000000 00:00 0 
6c8fe000-6c900000 ---p 00000000 00:00 0 
6c900000-6c9fc000 rw-p 00000000 00:00 0 
6c9fc000-6ca00000 ---p 00000000 00:00 0 
6ca00000-6caf9000 rw-p 00000000 00:00 0 
6caf9000-6cb00000 ---p 00000000 00:00 0 
6cb00000-6cbf9000 rw-p 00000000 00:00 0 
6cbf9000-6cc00000 ---p 00000000 00:00 0 
6cc00000-6ccf9000 rw-p 00000000 00:00 0 
6ccf9000-6cd00000 ---p 00000000 00:00 0 
6cd00000-6cdfc000 rw-p 00000000 00:00 0 
6cdfc000-6ce00000 ---p 00000000 00:00 0 
6ce00000-6cefb000 rw-p 00000000 00:00 0 
6cefb000-6cf00000 ---p 00000000 00:00 0 
6cf00000-6d0ff000 rw-p 00000000 00:00 0 
6d0ff000-6d100000 ---p 00000000 00:00 0 
6d100000-6d1fb000 rw-p 00000000 00:00 0 
6d1fb000-6d200000 ---p 00000000 00:00 0 
6d200000-6d2fb000 rw-p 00000000 00:00 0 
6d2fb000-6d300000 ---p 00000000 00:00 0 
6d300000-6d3ff000 rw-p 00000000 00:00 0 
6d3ff000-6d400000 ---p 00000000 00:00 0 
6d400000-6d4ff000 rw-p 00000000 00:00 0 
6d4ff000-6d500000 ---p 00000000 00:00 0 
6d500000-6d5ff000 rw-p 00000000 00:00 0 
6d5ff000-6d600000 ---p 00000000 00:00 0 
6d600000-6d6fd000 rw-p 00000000 00:00 0 
6d6fd000-6d700000 ---p 00000000 00:00 0 
6d700000-6d7ff000 rw-p 00000000 00:00 0 
6d7ff000-6d800000 ---p 00000000 00:00 0 
6d800000-6d8fe000 rw-p 00000000 00:00 0 
6d8fe000-6d900000 ---p 00000000 00:00 0 
6d900000-6d9ff000 rw-p 00000000 00:00 0 
6d9ff000-6da00000 ---p 00000000 00:00 0 
6da00000-6dafd000 rw-p 00000000 00:00 0 
6dafd000-6db00000 ---p 00000000 00:00 0 
6db00000-6dd00000 rw-p 00000000 00:00 0 
6dd00000-6ddfa000 rw-p 00000000 00:00 0 
6ddfa000-6de00000 ---p 00000000 00:00 0 
6de00000-6defb000 rw-p 00000000 00:00 0 
6defb000-6df00000 ---p 00000000 00:00 0 
6df00000-6dffe000 rw-p 00000000 00:00 0 
6dffe000-6e000000 ---p 00000000 00:00 0 
6e000000-6e0fd000 rw-p 00000000 00:00 0 
6e0fd000-6e100000 ---p 00000000 00:00 0 
6e100000-6e1fb000 rw-p 00000000 00:00 0 
6e1fb000-6e200000 ---p 00000000 00:00 0 
6e200000-6e2ff000 rw-p 00000000 00:00 0 
6e2ff000-6e300000 ---p 00000000 00:00 0 
6e400000-6e4ff000 rw-p 00000000 00:00 0 
6e4ff000-6e500000 ---p 00000000 00:00 0 
6e500000-6e5fe000 rw-p 00000000 00:00 0 
6e5fe000-6e600000 ---p 00000000 00:00 0 
6e600000-6e6fc000 rw-p 00000000 00:00 0 
6e6fc000-6e700000 ---p 00000000 00:00 0 
6e700000-6e800000 rw-p 00000000 00:00 0 
6e900000-6e9ff000 rw-p 00000000 00:00 0 
6e9ff000-6ea00000 ---p 00000000 00:00 0 
6ea00000-6eafa000 rw-p 00000000 00:00 0 
6eafa000-6eb00000 ---p 00000000 00:00 0 
6eb00000-6ebf9000 rw-p 00000000 00:00 0 
6ebf9000-6ec00000 ---p 00000000 00:00 0 
6ec00000-6ecff000 rw-p 00000000 00:00 0 
6ecff000-6ed00000 ---p 00000000 00:00 0 
6ed00000-6edfb000 rw-p 00000000 00:00 0 
6edfb000-6ee00000 ---p 00000000 00:00 0 
6ee00000-6eeff000 rw-p 00000000 00:00 0 
6eeff000-6ef00000 ---p 00000000 00:00 0 
6ef00000-6efff000 rw-p 00000000 00:00 0 
6efff000-6f000000 ---p 00000000 00:00 0 
6f000000-6f0fe000 rw-p 00000000 00:00 0 
6f0fe000-6f100000 ---p 00000000 00:00 0 
6f100000-6f1ff000 rw-p 00000000 00:00 0 
6f1ff000-6f200000 ---p 00000000 00:00 0 
6f200000-6f2fd000 rw-p 00000000 00:00 0 
6f2fd000-6f300000 ---p 00000000 00:00 0 
6f300000-6f3f9000 rw-p 00000000 00:00 0 
6f3f9000-6f400000 ---p 00000000 00:00 0 
6f400000-6f5ff000 rw-p 00000000 00:00 0 
6f5ff000-6f600000 ---p 00000000 00:00 0 
6f600000-6f6fb000 rw-p 00000000 00:00 0 
6f6fb000-6f700000 ---p 00000000 00:00 0 
6f700000-6f7fd000 rw-p 00000000 00:00 0 
6f7fd000-6f800000 ---p 00000000 00:00 0 
6f800000-6f8fa000 rw-p 00000000 00:00 0 
6f8fa000-6f900000 ---p 00000000 00:00 0 
6f900000-6faf9000 rw-p 00000000 00:00 0 
6faf9000-6fb00000 ---p 00000000 00:00 0 
6fb00000-6fdfe000 rw-p 00000000 00:00 0 
6fdfe000-6fe00000 ---p 00000000 00:00 0 
6fe00000-6fefb000 rw-p 00000000 00:00 0 
6fefb000-6ff00000 ---p 00000000 00:00 0 
6ff00000-6fffd000 rw-p 00000000 00:00 0 
6fffd000-70000000 ---p 00000000 00:00 0 
70000000-700fd000 rw-p 00000000 00:00 0 
700fd000-70100000 ---p 00000000 00:00 0 
70100000-701fe000 rw-p 00000000 00:00 0 
701fe000-70200000 ---p 00000000 00:00 0 
70200000-702ff000 rw-p 00000000 00:00 0 
702ff000-70300000 ---p 00000000 00:00 0 
70300000-703ff000 rw-p 00000000 00:00 0 
703ff000-70400000 ---p 00000000 00:00 0 
70400000-704f9000 rw-p 00000000 00:00 0 
704f9000-70500000 ---p 00000000 00:00 0 
70500000-70600000 rw-p 00000000 00:00 0 
70600000-706f9000 rw-p 00000000 00:00 0 
706f9000-70700000 ---p 00000000 00:00 0 
70700000-707f9000 rw-p 00000000 00:00 0 
707f9000-70800000 ---p 00000000 00:00 0 
70800000-708f9000 rw-p 00000000 00:00 0 
708f9000-70900000 ---p 00000000 00:00 0 
70900000-709f9000 rw-p 00000000 00:00 0 
709f9000-70a00000 ---p 00000000 00:00 0 
70a00000-70afc000 rw-p 00000000 00:00 0 
70afc000-70b00000 ---p 00000000 00:00 0 
70c00000-70cf9000 rw-p 00000000 00:00 0 
70cf9000-70d00000 ---p 00000000 00:00 0 
70d00000-70df9000 rw-p 00000000 00:00 0 
70df9000-70e00000 ---p 00000000 00:00 0 
70e00000-70efa000 rw-p 00000000 00:00 0 
70efa000-70f00000 ---p 00000000 00:00 0 
70f00000-70ff9000 rw-p 00000000 00:00 0 
70ff9000-71000000 ---p 00000000 00:00 0 
71000000-710fc000 rw-p 00000000 00:00 0 
710fc000-71100000 ---p 00000000 00:00 0 
71100000-711fc000 rw-p 00000000 00:00 0 
711fc000-71200000 ---p 00000000 00:00 0 
71200000-712f3000 rw-p 00000000 00:00 0 
712f3000-71300000 ---p 00000000 00:00 0 
713d6000-713d8000 r--s 00008000 08:09 5374529    /homelocal/nicolas/.m2/repository/org/apache/maven/doxia/doxia-decoration-model/1.0-alpha-7/doxia-decoration-model-1.0-alpha-7.jar
713d8000-713e3000 r--s 00074000 08:09 2887069    /homelocal/nicolas/.m2/repository/velocity/velocity-dep/1.4/velocity-dep-1.4.jar
713e3000-713eb000 r--s 00051000 08:09 2887068    /homelocal/nicolas/.m2/repository/velocity/velocity/1.4/velocity-1.4.jar
713eb000-713ed000 r--s 00005000 08:09 5374527    /homelocal/nicolas/.m2/repository/commons-logging/commons-logging-api/1.0.4/commons-logging-api-1.0.4.jar
713ed000-713f0000 r--s 00025000 08:09 2887066    /homelocal/nicolas/.m2/repository/plexus/plexus-utils/1.0.2/plexus-utils-1.0.2.jar
713f0000-713f2000 r--s 00002000 08:09 5374521    /homelocal/nicolas/.m2/repository/org/apache/maven/doxia/doxia-site-renderer/1.0-alpha-7/doxia-site-renderer-1.0-alpha-7.jar
713f2000-713f4000 r--s 0000e000 08:09 4328241    /homelocal/nicolas/.m2/repository/oro/oro/2.0.7/oro-2.0.7.jar
713f4000-713fa000 r--s 00033000 08:09 5374520    /homelocal/nicolas/.m2/repository/org/apache/maven/doxia/doxia-core/1.0-alpha-7/doxia-core-1.0-alpha-7.jar
713fa000-71400000 r--s 00023000 08:09 4458977    /homelocal/nicolas/.m2/repository/commons-collections/commons-collections/2.1/commons-collections-2.1.jar
71400000-714f9000 rw-p 00000000 00:00 0 
714f9000-71500000 ---p 00000000 00:00 0 
71500000-715f9000 rw-p 00000000 00:00 0 
715f9000-71600000 ---p 00000000 00:00 0 
71600000-716fd000 rw-p 00000000 00:00 0 
716fd000-71700000 ---p 00000000 00:00 0 
71700000-717fc000 rw-p 00000000 00:00 0 
717fc000-71800000 ---p 00000000 00:00 0 
71800000-718fa000 rw-p 00000000 00:00 0 
718fa000-71900000 ---p 00000000 00:00 0 
71900000-719ed000 rw-p 00000000 00:00 0 
719ed000-71a00000 ---p 00000000 00:00 0 
71a00000-71ae8000 rw-p 00000000 00:00 0 
71ae8000-71b00000 ---p 00000000 00:00 0 
71b00000-71bf7000 rw-p 00000000 00:00 0 
71bf7000-71c00000 ---p 00000000 00:00 0 
71c00000-71e00000 rw-p 00000000 00:00 0 
71e00000-71ecb000 rw-p 00000000 00:00 0 
71ecb000-71f00000 ---p 00000000 00:00 0 
71f00000-71ffa000 rw-p 00000000 00:00 0 
71ffa000-72000000 ---p 00000000 00:00 0 
72000000-720fd000 rw-p 00000000 00:00 0 
720fd000-72100000 ---p 00000000 00:00 0 
72100000-721a1000 rw-p 00000000 00:00 0 
721a1000-72200000 ---p 00000000 00:00 0 
72200000-722fb000 rw-p 00000000 00:00 0 
722fb000-72300000 ---p 00000000 00:00 0 
72300000-723f9000 rw-p 00000000 00:00 0 
723f9000-72400000 ---p 00000000 00:00 0 
72400000-72600000 rw-p 00000000 00:00 0 
72600000-726ff000 rw-p 00000000 00:00 0 
726ff000-72700000 ---p 00000000 00:00 0 
72700000-72a00000 rw-p 00000000 00:00 0 
72a00000-72aff000 rw-p 00000000 00:00 0 
72aff000-72b00000 ---p 00000000 00:00 0 
72b00000-72bf9000 rw-p 00000000 00:00 0 
72bf9000-72c00000 ---p 00000000 00:00 0 
72c00000-72cfa000 rw-p 00000000 00:00 0 
72cfa000-72d00000 ---p 00000000 00:00 0 
72d00000-72d01000 r--s 00001000 08:09 5374524    /homelocal/nicolas/.m2/repository/org/codehaus/plexus/plexus-velocity/1.1.2/plexus-velocity-1.1.2.jar
72d01000-72d02000 r--s 00002000 08:09 4066071    /homelocal/nicolas/.m2/repository/org/codehaus/plexus/plexus-i18n/1.0-beta-6/plexus-i18n-1.0-beta-6.jar
72d02000-72d04000 r--s 00002000 08:09 5374518    /homelocal/nicolas/.m2/repository/org/apache/maven/reporting/maven-reporting-impl/2.0.4/maven-reporting-impl-2.0.4.jar
72d04000-72d05000 r--s 00002000 08:09 3933652    /homelocal/nicolas/.m2/repository/org/codehaus/plexus/plexus-io/1.0-alpha-1/plexus-io-1.0-alpha-1.jar
72d05000-72d07000 r--s 00005000 08:09 5374517    /homelocal/nicolas/.m2/repository/org/apache/maven/shared/maven-common-artifact-filters/1.0/maven-common-artifact-filters-1.0.jar
72d07000-72d09000 r--s 00007000 08:09 4326622    /homelocal/nicolas/.m2/repository/org/apache/maven/shared/maven-dependency-tree/1.2/maven-dependency-tree-1.2.jar
72d09000-72d0b000 r--s 00009000 08:09 4196130    /homelocal/nicolas/.m2/repository/asm/asm/3.0/asm-3.0.jar
72d0b000-72d0d000 r--s 00005000 08:09 4853137    /homelocal/nicolas/.m2/repository/org/apache/maven/shared/maven-dependency-analyzer/1.1/maven-dependency-analyzer-1.1.jar
72d0d000-72d0f000 r--s 00007000 08:09 4590191    /homelocal/nicolas/.m2/repository/org/apache/maven/shared/maven-shared-io/1.0/maven-shared-io-1.0.jar
72d0f000-72d11000 r--s 00006000 08:09 4328239    /homelocal/nicolas/.m2/repository/org/apache/maven/shared/file-management/1.1/file-management-1.1.jar
72d11000-72d14000 r--s 0002f000 08:09 3935070    /homelocal/nicolas/.m2/repository/org/codehaus/plexus/plexus-utils/1.4.6/plexus-utils-1.4.6.jar
72d14000-72d18000 r--s 00023000 08:09 3933651    /homelocal/nicolas/.m2/repository/org/codehaus/plexus/plexus-archiver/1.0-alpha-9/plexus-archiver-1.0-alpha-9.jar
72d18000-72d1a000 r--s 00018000 08:09 4326030    /homelocal/nicolas/.m2/repository/org/apache/maven/plugins/maven-dependency-plugin/2.1/maven-dependency-plugin-2.1.jar
72d1a000-72d20000 r--s 00025000 08:09 5115284    /homelocal/nicolas/.m2/repository/javax/xml/webservices-api/1.4/webservices-api-1.4.jar
72d20000-72d21000 r--s 00004000 08:09 5115275    /homelocal/nicolas/.m2/repository/com/sun/istack/istack-commons-runtime/2.2/istack-commons-runtime-2.2.jar
72d70000-72d72000 r--s 00009000 08:09 2887015    /homelocal/nicolas/.m2/repository/org/glassfish/external/management-api/3.0.0-b012/management-api-3.0.0-b012.jar
72d72000-72d74000 r--s 00004000 08:09 2887014    /homelocal/nicolas/.m2/repository/org/glassfish/gmbal/gmbal-api-only/3.0.0-b023/gmbal-api-only-3.0.0-b023.jar
72d74000-72d76000 r--s 0000e000 08:09 5115272    /homelocal/nicolas/.m2/repository/com/sun/xml/txw2/txw2/20090102/txw2-20090102.jar
72d76000-72d7a000 r--s 00023000 08:09 5115271    /homelocal/nicolas/.m2/repository/com/sun/xml/ws/policy/2.0-b01/policy-2.0-b01.jar
72d7a000-72d7c000 r--s 00008000 08:09 2887010    /homelocal/nicolas/.m2/repository/org/jvnet/mimepull/1.4/mimepull-1.4.jar
72d7c000-72d7e000 r--s 00005000 08:09 5115267    /homelocal/nicolas/.m2/repository/javax/xml/stream/stax-api/1.0/stax-api-1.0.jar
72d7e000-72d80000 r--s 0000d000 08:09 5115263    /homelocal/nicolas/.m2/repository/com/sun/xml/stream/buffer/streambuffer/1.0/streambuffer-1.0.jar
72d80000-72d85000 r--s 00042000 08:09 5115262    /homelocal/nicolas/.m2/repository/com/sun/xml/messaging/saaj/saaj-impl/1.3.4/saaj-impl-1.3.4.jar
72d85000-72d98000 r--s 000c3000 08:09 5115261    /homelocal/nicolas/.m2/repository/com/sun/xml/bind/jaxb-impl/2.2/jaxb-impl-2.2.jar
72d98000-72d99000 r--s 00001000 08:09 5115255    /homelocal/nicolas/.m2/repository/javax/jws/jsr181-api/1.0-MR1/jsr181-api-1.0-MR1.jar
72d99000-72d9a000 r--s 00001000 08:09 4326706    /homelocal/nicolas/.m2/repository/javax/annotation/jsr250-api/1.0/jsr250-api-1.0.jar
72d9a000-72d9c000 r--s 00005000 08:09 5115257    /homelocal/nicolas/.m2/repository/javax/xml/soap/saaj-api/1.3.1/saaj-api-1.3.1.jar
72d9c000-72da0000 r--s 00016000 08:09 5115256    /homelocal/nicolas/.m2/repository/javax/xml/bind/jaxb-api/2.2/jaxb-api-2.2.jar
72da0000-72da3000 r--s 0000b000 08:09 5115254    /homelocal/nicolas/.m2/repository/javax/xml/ws/jaxws-api/2.2/jaxws-api-2.2.jar
72da3000-72dbe000 r--s 0014f000 08:09 4458967    /homelocal/nicolas/.m2/repository/com/sun/xml/ws/jaxws-rt/2.2/jaxws-rt-2.2.jar
72df4000-72df5000 r--s 00005000 08:09 4984213    /homelocal/nicolas/.m2/repository/org/apache/maven/shared/maven-repository-builder/1.0-alpha-2/maven-repository-builder-1.0-alpha-2.jar
72df5000-72df9000 r--s 00033000 08:09 3147863    /homelocal/nicolas/.m2/repository/org/codehaus/plexus/plexus-utils/2.0.1/plexus-utils-2.0.1.jar
72df9000-72dfa000 r--s 00004000 08:09 4328254    /homelocal/nicolas/.m2/repository/org/apache/maven/maven-archiver/2.4/maven-archiver-2.4.jar
72dfa000-72dfc000 r--s 0000a000 08:09 3935084    /homelocal/nicolas/.m2/repository/org/codehaus/plexus/plexus-io/1.0-alpha-4/plexus-io-1.0-alpha-4.jar
72dfc000-72dfe000 r--s 00004000 08:09 3016847    /homelocal/nicolas/.m2/repository/org/codehaus/plexus/plexus-active-collections/1.0-beta-2/plexus-active-collections-1.0-beta-2.jar
72dfe000-72e00000 r--s 00008000 08:09 4984210    /homelocal/nicolas/.m2/repository/org/apache/maven/shared/maven-shared-io/1.1/maven-shared-io-1.1.jar
72e00000-73000000 rw-p 00000000 00:00 0 
73000000-730f9000 rw-p 00000000 00:00 0 
730f9000-73100000 ---p 00000000 00:00 0 
73100000-731fe000 rw-p 00000000 00:00 0 
731fe000-73200000 ---p 00000000 00:00 0 
73200000-73400000 rw-p 00000000 00:00 0 
73400000-73600000 rw-p 00000000 00:00 0 
73600000-73700000 rw-p 00000000 00:00 0 
73700000-73702000 r--s 0001b000 08:09 4458974    /homelocal/nicolas/.m2/repository/com/jgoodies/forms/1.2.1/forms-1.2.1.jar
73703000-73707000 r--s 00028000 08:09 4984209    /homelocal/nicolas/.m2/repository/org/codehaus/plexus/plexus-archiver/1.0-alpha-12/plexus-archiver-1.0-alpha-12.jar
73707000-73709000 r--s 0000b000 08:09 4066077    /homelocal/nicolas/.m2/repository/org/codehaus/plexus/plexus-interpolation/1.7/plexus-interpolation-1.7.jar
73709000-7370b000 r--s 00006000 08:09 5377462    /homelocal/nicolas/.m2/repository/org/apache/maven/shared/maven-common-artifact-filters/1.1/maven-common-artifact-filters-1.1.jar
7370b000-7370f000 r--s 0002f000 08:09 4326023    /homelocal/nicolas/.m2/repository/org/apache/maven/plugins/maven-assembly-plugin/2.2-beta-5/maven-assembly-plugin-2.2-beta-5.jar
7370f000-73711000 r--s 0000b000 08:09 4066570    /homelocal/nicolas/.m2/repository/org/codehaus/plexus/plexus-interpolation/1.11/plexus-interpolation-1.11.jar
73711000-73719000 r--s 00049000 08:09 2887137    /homelocal/nicolas/.m2/repository/backport-util-concurrent/backport-util-concurrent/3.1/backport-util-concurrent-3.1.jar
73719000-7371b000 r--s 0000e000 08:09 4458874    /homelocal/nicolas/.m2/repository/javax/activation/activation/1.1/activation-1.1.jar
7371b000-73756000 r--s 002c6000 08:09 5242885    /homelocal/nicolas/.m2/repository/com/sun/xml/bind/jaxb-xjc/2.1.11/jaxb-xjc-2.1.11.jar
73756000-73758000 r--s 00008000 08:09 3016914    /homelocal/nicolas/.m2/repository/org/jvnet/mimepull/1.3/mimepull-1.3.jar
73758000-7375a000 r--s 0000f000 08:09 5115268    /homelocal/nicolas/.m2/repository/com/sun/org/apache/xml/internal/resolver/20050927/resolver-20050927.jar
7375a000-73760000 r--s 00079000 08:09 4722086    /homelocal/nicolas/.m2/repository/org/codehaus/woodstox/wstx-asl/3.2.3/wstx-asl-3.2.3.jar
73760000-73762000 r--s 0001e000 08:09 5111823    /homelocal/nicolas/.m2/repository/com/sun/xml/stream/buffer/streambuffer/0.9/streambuffer-0.9.jar
73762000-73764000 r--s 00003000 08:09 5246837    /homelocal/nicolas/.m2/repository/javax/xml/soap/saaj-api/1.3/saaj-api-1.3.jar
73764000-7376a000 r--s 00040000 08:09 5111822    /homelocal/nicolas/.m2/repository/com/sun/xml/messaging/saaj/saaj-impl/1.3.3/saaj-impl-1.3.3.jar
7376a000-7377c000 r--s 000c2000 08:09 4980741    /homelocal/nicolas/.m2/repository/com/sun/xml/bind/jaxb-impl/2.1.11/jaxb-impl-2.1.11.jar
7377c000-7377e000 r--s 00004000 08:09 4984157    /homelocal/nicolas/.m2/repository/javax/xml/stream/stax-api/1.0-2/stax-api-1.0-2.jar
7377e000-73797000 r--s 00129000 08:09 4456473    /homelocal/nicolas/.m2/repository/com/sun/xml/ws/jaxws-rt/2.1.7/jaxws-rt-2.1.7.jar
73797000-737a0000 r--s 00077000 08:09 5111821    /homelocal/nicolas/.m2/repository/com/sun/xml/ws/jaxws-tools/2.1.7/jaxws-tools-2.1.7.jar
737a0000-737a3000 ---p 00000000 00:00 0 
737a3000-737f1000 rw-p 00000000 00:00 0 
737f1000-737f3000 r--s 00007000 08:09 4589955    /homelocal/nicolas/.m2/repository/org/apache/maven/shared/maven-filtering/1.0-beta-2/maven-filtering-1.0-beta-2.jar
737f3000-737f5000 r--s 00005000 08:09 4458957    /homelocal/nicolas/.m2/repository/xpp3/xpp3_min/1.1.4c/xpp3_min-1.1.4c.jar
737f5000-73800000 r--s 0005f000 08:09 4326683    /homelocal/nicolas/.m2/repository/com/thoughtworks/xstream/xstream/1.3.1/xstream-1.3.1.jar
73800000-738fc000 rw-p 00000000 00:00 0 
738fc000-73900000 ---p 00000000 00:00 0 
73900000-73a00000 rw-p 00000000 00:00 0 
73a00000-73af1000 rw-p 00000000 00:00 0 
73af1000-73b00000 ---p 00000000 00:00 0 
73b00000-73b03000 r--s 00013000 08:09 4984156    /homelocal/nicolas/.m2/repository/javax/xml/bind/jaxb-api/2.1/jaxb-api-2.1.jar
73b03000-73b06000 r--s 00006000 08:09 5246833    /homelocal/nicolas/.m2/repository/javax/xml/ws/jaxws-api/2.1/jaxws-api-2.1.jar
73b06000-73b09000 r--s 0000a000 08:09 3934999    /homelocal/nicolas/.m2/repository/org/codehaus/plexus/plexus-io/1.0.1/plexus-io-1.0.1.jar
73b09000-73b0d000 r--s 00029000 08:09 4589954    /homelocal/nicolas/.m2/repository/org/codehaus/plexus/plexus-archiver/1.2/plexus-archiver-1.2.jar
73b0d000-73b10000 ---p 00000000 00:00 0 
73b10000-73b5e000 rw-p 00000000 00:00 0 
73b5e000-73b61000 ---p 00000000 00:00 0 
73b61000-73baf000 rw-p 00000000 00:00 0 
73baf000-73bb2000 ---p 00000000 00:00 0 
73bb2000-73c00000 rw-p 00000000 00:00 0 
73c00000-73cff000 rw-p 00000000 00:00 0 
73cff000-73d00000 ---p 00000000 00:00 0 
73d00000-73dfb000 rw-p 00000000 00:00 0 
73dfb000-73e00000 ---p 00000000 00:00 0 
73e00000-73efb000 rw-p 00000000 00:00 0 
73efb000-73f00000 ---p 00000000 00:00 0 
73f00000-73f01000 r--s 00002000 08:09 2887008    /homelocal/nicolas/.m2/repository/org/jvnet/staxex/stax-ex/1.2/stax-ex-1.2.jar
73f01000-73f02000 r--s 00005000 08:09 4065230    /homelocal/nicolas/.m2/repository/org/jvnet/jax-ws-commons/jaxws-maven-plugin/2.1/jaxws-maven-plugin-2.1.jar
73f02000-73f06000 r--s 0002f000 08:09 4325741    /homelocal/nicolas/.m2/repository/commons-lang/commons-lang/2.1/commons-lang-2.1.jar
73f06000-73f09000 r--s 0000a000 08:09 3933512    /homelocal/nicolas/.m2/repository/org/codehaus/plexus/plexus-io/1.0/plexus-io-1.0.jar
73f09000-73f0d000 r--s 00028000 08:09 3933511    /homelocal/nicolas/.m2/repository/org/codehaus/plexus/plexus-archiver/1.0/plexus-archiver-1.0.jar
73f0d000-73f10000 ---p 00000000 00:00 0 
73f10000-73f5e000 rw-p 00000000 00:00 0 
73f5e000-73f61000 ---p 00000000 00:00 0 
73f61000-73faf000 rw-p 00000000 00:00 0 
73faf000-73fb2000 ---p 00000000 00:00 0 
73fb2000-74000000 rw-p 00000000 00:00 0 
74000000-740fc000 rw-p 00000000 00:00 0 
740fc000-74100000 ---p 00000000 00:00 0 
74100000-74102000 r--s 00011000 08:09 4328224    /homelocal/nicolas/.m2/repository/org/apache/maven/plugins/maven-war-plugin/2.1.1/maven-war-plugin-2.1.1.jar
74102000-74103000 r--s 00004000 08:09 4325742    /homelocal/nicolas/.m2/repository/org/apache/maven/maven-archiver/2.4.1/maven-archiver-2.4.1.jar
74103000-74104000 r--s 00007000 08:09 4195868    /homelocal/nicolas/.m2/repository/org/apache/maven/plugins/maven-jar-plugin/2.3.1/maven-jar-plugin-2.3.1.jar
74104000-74107000 ---p 00000000 00:00 0 
74107000-74155000 rw-p 00000000 00:00 0 
74155000-74156000 r--s 00002000 08:09 4196165    /homelocal/nicolas/.m2/repository/org/apache/maven/reporting/maven-reporting-api/2.0.9/maven-reporting-api-2.0.9.jar
74156000-74158000 r--s 00006000 08:09 4325712    /homelocal/nicolas/.m2/repository/org/apache/maven/shared/maven-common-artifact-filters/1.3/maven-common-artifact-filters-1.3.jar
74158000-7415a000 r--s 0000c000 08:09 4459553    /homelocal/nicolas/.m2/repository/org/apache/maven/surefire/maven-surefire-common/2.7.1/maven-surefire-common-2.7.1.jar
7415a000-7415d000 r--s 00019000 08:09 4459552    /homelocal/nicolas/.m2/repository/org/apache/maven/surefire/surefire-api/2.7.1/surefire-api-2.7.1.jar
7415d000-7415e000 r--s 00007000 08:09 4459551    /homelocal/nicolas/.m2/repository/org/apache/maven/surefire/surefire-booter/2.7.1/surefire-booter-2.7.1.jar
7415e000-74160000 r--s 00006000 08:09 4328746    /homelocal/nicolas/.m2/repository/org/apache/maven/plugins/maven-surefire-plugin/2.7.1/maven-surefire-plugin-2.7.1.jar
74160000-741bf000 r--s 00d91000 08:05 156045     /usr/lib/jvm/java-6-openjdk/lib/tools.jar
741bf000-741c0000 r--s 00002000 08:09 4066047    /homelocal/nicolas/.m2/repository/org/codehaus/plexus/plexus-compiler-javac/1.8/plexus-compiler-javac-1.8.jar
741c0000-741c2000 r--s 00000000 08:09 3934988    /homelocal/nicolas/.m2/repository/org/codehaus/plexus/plexus-compiler-manager/1.8/plexus-compiler-manager-1.8.jar
741c2000-741c3000 r--s 00004000 08:09 3934989    /homelocal/nicolas/.m2/repository/org/codehaus/plexus/plexus-compiler-api/1.8/plexus-compiler-api-1.8.jar
741c3000-741c5000 r--s 00006000 08:09 4197465    /homelocal/nicolas/.m2/repository/org/apache/maven/plugins/maven-compiler-plugin/2.3.1/maven-compiler-plugin-2.3.1.jar
741c5000-741c7000 r--s 0000d000 08:09 3932972    /homelocal/nicolas/.m2/repository/org/codehaus/plexus/plexus-interpolation/1.13/plexus-interpolation-1.13.jar
741c7000-741c8000 r--s 00001000 08:09 3673451    /homelocal/nicolas/.m2/repository/org/sonatype/plexus/plexus-build-api/0.0.4/plexus-build-api-0.0.4.jar
741c8000-741ca000 r--s 00007000 08:09 4325558    /homelocal/nicolas/.m2/repository/org/apache/maven/shared/maven-filtering/1.0-beta-4/maven-filtering-1.0-beta-4.jar
741ca000-741cb000 r--s 00001000 08:09 4325557    /homelocal/nicolas/.m2/repository/org/apache/maven/doxia/doxia-sink-api/1.0-alpha-7/doxia-sink-api-1.0-alpha-7.jar
741cb000-741cc000 r--s 00005000 08:09 4195923    /homelocal/nicolas/.m2/repository/org/apache/maven/plugins/maven-resources-plugin/2.4.3/maven-resources-plugin-2.4.3.jar
741cc000-741cd000 r--s 00002000 08:09 3934093    /homelocal/nicolas/.m2/repository/org/codehaus/plexus/plexus-digest/1.0/plexus-digest-1.0.jar
741cd000-741d1000 r--s 00033000 08:09 3278792    /homelocal/nicolas/.m2/repository/org/codehaus/plexus/plexus-utils/2.0.5/plexus-utils-2.0.5.jar
741d1000-741d4000 r--s 0001b000 08:09 4325462    /homelocal/nicolas/.m2/repository/junit/junit/3.8.1/junit-3.8.1.jar
741d4000-741d5000 r--s 00005000 08:09 4195970    /homelocal/nicolas/.m2/repository/org/apache/maven/plugins/maven-install-plugin/2.3.1/maven-install-plugin-2.3.1.jar
741d5000-741d9000 r--s 0003c000 08:09 4325404    /homelocal/nicolas/.m2/repository/commons-lang/commons-lang/2.4/commons-lang-2.4.jar
741d9000-741db000 r--s 00005000 08:09 4326689    /homelocal/nicolas/.m2/repository/stax/stax-api/1.0.1/stax-api-1.0.1.jar
741db000-741e2000 r--s 00079000 08:09 4458681    /homelocal/nicolas/.m2/repository/org/codehaus/woodstox/wstx-asl/3.2.7/wstx-asl-3.2.7.jar
741e2000-741e3000 r--s 00002000 08:09 3933647    /homelocal/nicolas/.m2/repository/org/codehaus/plexus/plexus-i18n/1.0-beta-7/plexus-i18n-1.0-beta-7.jar
741e3000-741e7000 r--s 00034000 08:09 3934973    /homelocal/nicolas/.m2/repository/org/codehaus/plexus/plexus-utils/1.5.15/plexus-utils-1.5.15.jar
741e7000-741e9000 r--s 00004000 08:09 4325945    /homelocal/nicolas/.m2/repository/org/apache/maven/doxia/doxia-module-xhtml/1.0/doxia-module-xhtml-1.0.jar
741e9000-741ea000 r--s 00006000 08:09 4325944    /homelocal/nicolas/.m2/repository/org/apache/maven/doxia/doxia-module-xdoc/1.0/doxia-module-xdoc-1.0.jar
741ea000-741eb000 r--s 00004000 08:09 4325940    /homelocal/nicolas/.m2/repository/org/apache/maven/doxia/doxia-module-fml/1.0/doxia-module-fml-1.0.jar
741eb000-741f8000 r--s 0007f000 08:09 4325938    /homelocal/nicolas/.m2/repository/commons-collections/commons-collections/3.2/commons-collections-3.2.jar
741f8000-74200000 r--s 00058000 08:09 4325935    /homelocal/nicolas/.m2/repository/org/apache/velocity/velocity/1.5/velocity-1.5.jar
74200000-742fa000 rw-p 00000000 00:00 0 
742fa000-74300000 ---p 00000000 00:00 0 
74300000-743fd000 rw-p 00000000 00:00 0 
743fd000-74400000 ---p 00000000 00:00 0 
74400000-744f9000 rw-p 00000000 00:00 0 
744f9000-74500000 ---p 00000000 00:00 0 
74500000-745fd000 rw-p 00000000 00:00 0 
745fd000-74600000 ---p 00000000 00:00 0 
74600000-746fa000 rw-p 00000000 00:00 0 
746fa000-74700000 ---p 00000000 00:00 0 
74700000-747fa000 rw-p 00000000 00:00 0 
747fa000-74800000 ---p 00000000 00:00 0 
74800000-748fa000 rw-p 00000000 00:00 0 
748fa000-74900000 ---p 00000000 00:00 0 
74900000-749f1000 rw-p 00000000 00:00 0 
749f1000-74a00000 ---p 00000000 00:00 0 
74a00000-74ae6000 rw-p 00000000 00:00 0 
74ae6000-74b00000 ---p 00000000 00:00 0 
74b00000-74bfd000 rw-p 00000000 00:00 0 
74bfd000-74c00000 ---p 00000000 00:00 0 
74c00000-74cfc000 rw-p 00000000 00:00 0 
74cfc000-74d00000 ---p 00000000 00:00 0 
74d00000-74d02000 r--s 0000a000 08:09 4325939    /homelocal/nicolas/.m2/repository/org/apache/maven/doxia/doxia-module-apt/1.0/doxia-module-apt-1.0.jar
74d02000-74d03000 r--s 0000b000 08:09 4325937    /homelocal/nicolas/.m2/repository/org/apache/maven/doxia/doxia-decoration-model/1.0/doxia-decoration-model-1.0.jar
74d03000-74d04000 r--s 00001000 08:09 3933648    /homelocal/nicolas/.m2/repository/org/codehaus/plexus/plexus-velocity/1.1.7/plexus-velocity-1.1.7.jar
74d04000-74d06000 r--s 0000a000 08:09 4325930    /homelocal/nicolas/.m2/repository/org/apache/maven/doxia/doxia-site-renderer/1.0/doxia-site-renderer-1.0.jar
74d06000-74d07000 r--s 00002000 08:09 4325926    /homelocal/nicolas/.m2/repository/org/apache/maven/doxia/doxia-sink-api/1.0/doxia-sink-api-1.0.jar
74d07000-74d08000 r--s 00002000 08:09 3016838    /homelocal/nicolas/.m2/repository/org/apache/maven/wagon/wagon-file/1.0-beta-2/wagon-file-1.0-beta-2.jar
74d08000-74d0b000 r--s 00020000 08:09 3934972    /homelocal/nicolas/.m2/repository/org/codehaus/plexus/plexus-archiver/1.0-alpha-7/plexus-archiver-1.0-alpha-7.jar
74d0b000-74d0c000 r--s 00007000 08:09 4325960    /homelocal/nicolas/.m2/repository/org/apache/maven/shared/maven-plugin-testing-harness/1.1/maven-plugin-testing-harness-1.1.jar
74d0c000-74d0e000 r--s 00006000 08:09 4325959    /homelocal/nicolas/.m2/repository/org/apache/maven/shared/maven-common-artifact-filters/1.2/maven-common-artifact-filters-1.2.jar
74d0e000-74d11000 r--s 0000b000 08:09 4458678    /homelocal/nicolas/.m2/repository/org/apache/maven/doxia/doxia-core/1.0-alpha-10/doxia-core-1.0-alpha-10.jar
74d11000-74d16000 r--s 00016000 08:09 4328204    /homelocal/nicolas/.m2/repository/xml-apis/xml-apis/1.0.b2/xml-apis-1.0.b2.jar
74d16000-74d18000 r--s 0000e000 08:09 4196131    /homelocal/nicolas/.m2/repository/oro/oro/2.0.8/oro-2.0.8.jar
74d18000-74d1a000 r--s 00008000 08:09 4195843    /homelocal/nicolas/.m2/repository/commons-logging/commons-logging/1.0.4/commons-logging-1.0.4.jar
74d1a000-74d1e000 r--s 00026000 08:09 4458672    /homelocal/nicolas/.m2/repository/commons-digester/commons-digester/1.6/commons-digester-1.6.jar
74d1e000-74d23000 r--s 0002a000 08:09 4458674    /homelocal/nicolas/.m2/repository/commons-beanutils/commons-beanutils/1.7.0/commons-beanutils-1.7.0.jar
74d23000-74d26000 r--s 00014000 08:09 4458673    /homelocal/nicolas/.m2/repository/commons-validator/commons-validator/1.2.0/commons-validator-1.2.0.jar
74d26000-74d27000 r--s 00004000 08:09 4458675    /homelocal/nicolas/.m2/repository/org/apache/maven/reporting/maven-reporting-impl/2.0.4.1/maven-reporting-impl-2.0.4.1.jar
74d27000-74d28000 r--s 00002000 08:09 4196159    /homelocal/nicolas/.m2/repository/org/apache/maven/reporting/maven-reporting-api/2.0.6/maven-reporting-api-2.0.6.jar
74d28000-74d2a000 r--s 00002000 08:09 3932970    /homelocal/nicolas/.m2/repository/org/codehaus/plexus/plexus-interactivity-api/1.0-alpha-4/plexus-interactivity-api-1.0-alpha-4.jar
74d2a000-74d2d000 ---p 00000000 00:00 0 
74d2d000-74d7b000 rw-p 00000000 00:00 0 
74d7b000-74d7e000 ---p 00000000 00:00 0 
74d7e000-74dcc000 rw-p 00000000 00:00 0 
74dcc000-74ddc000 r--s 000bc000 08:09 3276804    /homelocal/nicolas/Bureau/eclipse/configuration/org.eclipse.osgi/bundles/829/1/.cp/netty-3.2.4.Final.jar
74ddc000-74de2000 r--s 0004c000 08:09 3148800    /homelocal/nicolas/Bureau/eclipse/configuration/org.eclipse.osgi/bundles/756/1/.cp/async-http-client-1.6.3.jar
74de2000-74de4000 r--s 00005000 08:09 3673635    /homelocal/nicolas/Bureau/eclipse/plugins/org.eclipse.m2e.maven.runtime_1.0.100.20110804-1717/jars/wagon-ahc-1.2.0.jar
74de4000-74de6000 r--s 0000c000 08:09 3673629    /homelocal/nicolas/Bureau/eclipse/plugins/org.eclipse.m2e.maven.runtime_1.0.100.20110804-1717/jars/aether-connector-asynchttpclient-1.11.jar
74de6000-74de9000 r--s 0001e000 08:09 3673641    /homelocal/nicolas/Bureau/eclipse/plugins/org.eclipse.m2e.maven.runtime_1.0.100.20110804-1717/jars/aether-impl-1.11.jar
74de9000-74deb000 r--s 0000d000 08:09 3673611    /homelocal/nicolas/Bureau/eclipse/plugins/org.eclipse.m2e.maven.runtime_1.0.100.20110804-1717/jars/wagon-provider-api-1.0-beta-6.jar
74deb000-74dee000 r--s 0001d000 08:09 3673614    /homelocal/nicolas/Bureau/eclipse/plugins/org.eclipse.m2e.maven.runtime_1.0.100.20110804-1717/jars/aether-util-1.11.jar
74dee000-74df0000 r--s 00004000 08:09 3673631    /homelocal/nicolas/Bureau/eclipse/plugins/org.eclipse.m2e.maven.runtime_1.0.100.20110804-1717/jars/aether-spi-1.11.jar
74df0000-74df3000 r--s 00015000 08:09 3673613    /homelocal/nicolas/Bureau/eclipse/plugins/org.eclipse.m2e.maven.runtime_1.0.100.20110804-1717/jars/aether-api-1.11.jar
74df3000-74df5000 r--s 00007000 08:09 3673630    /homelocal/nicolas/Bureau/eclipse/plugins/org.eclipse.m2e.maven.runtime_1.0.100.20110804-1717/jars/aether-connector-wagon-1.11.jar
74df5000-74e00000 r--s 00073000 08:09 3673602    /homelocal/nicolas/Bureau/eclipse/plugins/org.eclipse.m2e.maven.runtime_1.0.100.20110804-1717/jars/sisu-guice-2.9.4-no_aop.jar
74e00000-74efb000 rw-p 00000000 00:00 0 
74efb000-74f00000 ---p 00000000 00:00 0 
74f00000-74f02000 r--s 00006000 08:09 4325559    /homelocal/nicolas/.m2/repository/commons-cli/commons-cli/1.0/commons-cli-1.0.jar
74f02000-74f05000 r--s 0002f000 08:09 3410852    /homelocal/nicolas/.m2/repository/org/codehaus/mojo/versions-maven-plugin/1.2/versions-maven-plugin-1.2.jar
74f05000-74f06000 r--p 00000000 00:00 0 
74f06000-74f0a000 r--s 00036000 08:09 3673619    /homelocal/nicolas/Bureau/eclipse/plugins/org.eclipse.m2e.maven.runtime_1.0.100.20110804-1717/jars/plexus-utils-2.0.6.jar
74f0a000-74f0b000 r--s 00005000 08:09 3673638    /homelocal/nicolas/Bureau/eclipse/plugins/org.eclipse.m2e.maven.runtime_1.0.100.20110804-1717/jars/guice-plexus-scanners-2.0.0.jar
74f0b000-74f0d000 r--s 00006000 08:09 3673620    /homelocal/nicolas/Bureau/eclipse/plugins/org.eclipse.m2e.maven.runtime_1.0.100.20110804-1717/jars/guice-plexus-binders-2.0.0.jar
74f0d000-74f0e000 r--s 00004000 08:09 3673615    /homelocal/nicolas/Bureau/eclipse/plugins/org.eclipse.m2e.maven.runtime_1.0.100.20110804-1717/jars/guice-plexus-locators-2.0.0.jar
74f0e000-74f10000 r--s 00002000 08:09 3673637    /homelocal/nicolas/Bureau/eclipse/plugins/org.eclipse.m2e.maven.runtime_1.0.100.20110804-1717/jars/guice-plexus-converters-2.0.0.jar
74f10000-74f11000 r--s 00004000 08:09 3673634    /homelocal/nicolas/Bureau/eclipse/plugins/org.eclipse.m2e.maven.runtime_1.0.100.20110804-1717/jars/guice-plexus-metadata-2.0.0.jar
74f11000-74f13000 r--s 00001000 08:09 3673628    /homelocal/nicolas/Bureau/eclipse/plugins/org.eclipse.m2e.maven.runtime_1.0.100.20110804-1717/jars/guice-bean-converters-2.0.0.jar
74f13000-74f15000 r--s 00012000 08:09 3673609    /homelocal/nicolas/Bureau/eclipse/plugins/org.eclipse.m2e.maven.runtime_1.0.100.20110804-1717/jars/guice-bean-scanners-2.0.0.jar
74f15000-74f17000 r--s 00007000 08:09 3673640    /homelocal/nicolas/Bureau/eclipse/plugins/org.eclipse.m2e.maven.runtime_1.0.100.20110804-1717/jars/guice-bean-binders-2.0.0.jar
74f17000-74f1a000 r--s 0000b000 08:09 3673636    /homelocal/nicolas/Bureau/eclipse/plugins/org.eclipse.m2e.maven.runtime_1.0.100.20110804-1717/jars/guice-bean-locators-2.0.0.jar
74f1a000-74f1c000 r--s 00002000 08:09 3673625    /homelocal/nicolas/Bureau/eclipse/plugins/org.eclipse.m2e.maven.runtime_1.0.100.20110804-1717/jars/guice-bean-inject-2.0.0.jar
74f1c000-74f1e000 r--s 00009000 08:09 3673612    /homelocal/nicolas/Bureau/eclipse/plugins/org.eclipse.m2e.maven.runtime_1.0.100.20110804-1717/jars/guice-bean-reflect-2.0.0.jar
74f1e000-74f1f000 r--s 00001000 08:09 3673626    /homelocal/nicolas/Bureau/eclipse/plugins/org.eclipse.m2e.maven.runtime_1.0.100.20110804-1717/jars/javax.inject-1.jar
74f1f000-74f21000 r--s 00001000 08:09 3673622    /homelocal/nicolas/Bureau/eclipse/plugins/org.eclipse.m2e.maven.runtime_1.0.100.20110804-1717/jars/plexus-component-annotations-1.5.5.jar
74f21000-74f26000 r--s 0001d000 08:09 3673605    /homelocal/nicolas/Bureau/eclipse/plugins/org.eclipse.m2e.maven.runtime_1.0.100.20110804-1717/jars/guice-plexus-shim-2.0.0.jar
74f26000-74f2c000 r--s 00044000 08:09 3673632    /homelocal/nicolas/Bureau/eclipse/plugins/org.eclipse.m2e.maven.runtime_1.0.100.20110804-1717/jars/maven-compat-3.0.2.jar
74f2c000-74f2d000 ---p 00000000 00:00 0 
74f2d000-74fad000 rw-p 00000000 00:00 0 
74fad000-74fb0000 ---p 00000000 00:00 0 
74fb0000-74ffe000 rw-p 00000000 00:00 0 
74ffe000-75001000 ---p 00000000 00:00 0 
75001000-7507f000 rw-p 00000000 00:00 0 
7507f000-75082000 ---p 00000000 00:00 0 
75082000-75100000 rw-p 00000000 00:00 0 
75100000-75300000 r--p 00000000 08:05 9348       /usr/lib/locale/locale-archive
75300000-753ff000 rw-p 00000000 00:00 0 
753ff000-75400000 ---p 00000000 00:00 0 
75400000-75401000 r--s 00003000 08:09 3673604    /homelocal/nicolas/Bureau/eclipse/plugins/org.eclipse.m2e.maven.runtime_1.0.100.20110804-1717/jars/wagon-file-1.0-beta-7.jar
75401000-75403000 r--s 0000a000 08:09 3673607    /homelocal/nicolas/Bureau/eclipse/plugins/org.eclipse.m2e.maven.runtime_1.0.100.20110804-1717/jars/commons-cli-1.2.jar
75403000-75405000 r--s 0000f000 08:09 3673608    /homelocal/nicolas/Bureau/eclipse/plugins/org.eclipse.m2e.maven.runtime_1.0.100.20110804-1717/jars/plexus-interpolation-1.14.jar
75405000-75407000 r--s 0000d000 08:09 3673623    /homelocal/nicolas/Bureau/eclipse/plugins/org.eclipse.m2e.maven.runtime_1.0.100.20110804-1717/jars/maven-aether-provider-3.0.2.jar
75407000-75409000 r--s 0000d000 08:09 3673600    /homelocal/nicolas/Bureau/eclipse/plugins/org.eclipse.m2e.maven.runtime_1.0.100.20110804-1717/jars/maven-artifact-3.0.2.jar
75409000-7540a000 r--s 00008000 08:09 3673603    /homelocal/nicolas/Bureau/eclipse/plugins/org.eclipse.m2e.maven.runtime_1.0.100.20110804-1717/jars/maven-repository-metadata-3.0.2.jar
7540a000-7540c000 r--s 0000a000 08:09 3673617    /homelocal/nicolas/Bureau/eclipse/plugins/org.eclipse.m2e.maven.runtime_1.0.100.20110804-1717/jars/maven-settings-builder-3.0.2.jar
7540c000-7540e000 r--s 00028000 08:09 3673639    /homelocal/nicolas/Bureau/eclipse/plugins/org.eclipse.m2e.maven.runtime_1.0.100.20110804-1717/jars/maven-model-3.0.2.jar
7540e000-7541a000 r--s 00081000 08:09 3673610    /homelocal/nicolas/Bureau/eclipse/plugins/org.eclipse.m2e.maven.runtime_1.0.100.20110804-1717/jars/maven-core-3.0.2.jar
7541a000-7541b000 r--s 00004000 08:09 3673601    /homelocal/nicolas/Bureau/eclipse/plugins/org.eclipse.m2e.maven.runtime_1.0.100.20110804-1717/jars/plexus-cipher-1.4.jar
7541b000-7541d000 r--s 00007000 08:09 3673616    /homelocal/nicolas/Bureau/eclipse/plugins/org.eclipse.m2e.maven.runtime_1.0.100.20110804-1717/jars/plexus-sec-dispatcher-1.3.jar
7541d000-75422000 r--s 00023000 08:09 3673633    /homelocal/nicolas/Bureau/eclipse/plugins/org.eclipse.m2e.maven.runtime_1.0.100.20110804-1717/jars/maven-model-builder-3.0.2.jar
75422000-75424000 r--s 0000c000 08:09 3673627    /homelocal/nicolas/Bureau/eclipse/plugins/org.eclipse.m2e.maven.runtime_1.0.100.20110804-1717/jars/maven-plugin-api-3.0.2.jar
75424000-75425000 r--s 0000c000 08:09 3673618    /homelocal/nicolas/Bureau/eclipse/plugins/org.eclipse.m2e.maven.runtime_1.0.100.20110804-1717/jars/maven-settings-3.0.2.jar
75425000-7542c000 r--s 000fb000 08:05 9935       /usr/lib/jvm/java-6-openjdk/jre/lib/resources.jar
7542c000-7542f000 r--s 0007d000 08:05 9931       /usr/lib/jvm/java-6-openjdk/jre/lib/jsse.jar
7542f000-75432000 r--s 0000b000 08:09 3673606    /homelocal/nicolas/Bureau/eclipse/plugins/org.eclipse.m2e.maven.runtime_1.0.100.20110804-1717/jars/plexus-classworlds-2.4.jar
75432000-7543a000 r--s 00066000 08:05 293132     /usr/share/java/gnome-java-bridge.jar
7543a000-7543d000 ---p 00000000 00:00 0 
7543d000-7548b000 rw-p 00000000 00:00 0 
7548b000-7548e000 ---p 00000000 00:00 0 
7548e000-754dc000 rw-p 00000000 00:00 0 
754dc000-754df000 ---p 00000000 00:00 0 
754df000-7552d000 rw-p 00000000 00:00 0 
7552d000-7552e000 ---p 00000000 00:00 0 
7552e000-755e1000 rw-p 00000000 00:00 0 
755e1000-75772000 r--s 037b1000 08:05 9941       /usr/lib/jvm/java-6-openjdk/jre/lib/rt.jar
75772000-75773000 ---p 00000000 00:00 0 
75773000-757f3000 rw-p 00000000 00:00 0 
757f3000-757f4000 ---p 00000000 00:00 0 
757f4000-75874000 rw-p 00000000 00:00 0 
75874000-75875000 ---p 00000000 00:00 0 
75875000-758f5000 rw-p 00000000 00:00 0 
758f5000-758f6000 ---p 00000000 00:00 0 
758f6000-759a2000 rw-p 00000000 00:00 0 
759a2000-759b6000 rw-p 00000000 00:00 0 
759b6000-759ee000 rw-p 00000000 00:00 0 
759ee000-75ada000 rw-p 00000000 00:00 0 
75ada000-75b06000 rw-p 00000000 00:00 0 
75b06000-75b1a000 rw-p 00000000 00:00 0 
75b1a000-75b52000 rw-p 00000000 00:00 0 
75b52000-75c3d000 rw-p 00000000 00:00 0 
75c3d000-75ccf000 rw-p 00000000 00:00 0 
75ccf000-7b330000 rw-p 00000000 00:00 0 
7b330000-7dcd0000 rw-p 00000000 00:00 0 
7dcd0000-84ca0000 rw-p 00000000 00:00 0 
84ca0000-a2380000 rw-p 00000000 00:00 0 
a2380000-b4540000 rw-p 00000000 00:00 0 
b4540000-b46d0000 ---p 00000000 00:00 0 
b46d0000-b46d1000 r--s 0000b000 08:09 3673624    /homelocal/nicolas/Bureau/eclipse/plugins/org.eclipse.m2e.maven.runtime_1.0.100.20110804-1717/jars/maven-embedder-3.0.2.jar
b46d1000-b46e8000 rw-p 00000000 00:00 0 
b46e8000-b4791000 rw-p 00000000 00:00 0 
b4791000-b4d21000 rwxp 00000000 00:00 0 
b4d21000-b7791000 rw-p 00000000 00:00 0 
b7791000-b7794000 ---p 00000000 00:00 0 
b7794000-b77e5000 rw-p 00000000 00:00 0 
b77e5000-b77e7000 r--s 00009000 08:09 3148445    /homelocal/nicolas/Bureau/eclipse/plugins/org.eclipse.m2e.maven.runtime_1.0.100.20110804-1717/local-patches.jar
b77e7000-b77ea000 r--s 0000f000 08:05 6887       /usr/lib/jvm/java-6-openjdk/jre/lib/ext/pulse-java.jar
b77ea000-b77eb000 r--p 007ed000 08:05 9348       /usr/lib/locale/locale-archive
b77eb000-b77f3000 rw-s 00000000 08:05 537021     /tmp/hsperfdata_nicolas/6732
b77f3000-b77f4000 rw-p 00000000 00:00 0 
b77f4000-b77f5000 r--p 00000000 00:00 0 
b77f5000-b77f7000 rw-p 00000000 00:00 0 
bfefc000-bff1d000 rw-p 00000000 00:00 0          [stack]

VM Arguments:
jvm_args: -Dmaven.home=EMBEDDED -Dclassworlds.conf=/homelocal/nicolas/fsnet/.metadata/.plugins/org.eclipse.m2e.core/launches/m2conf5084596216134638896.tmp -Dfile.encoding=UTF-8 
java_command: org.codehaus.plexus.classworlds.launcher.Launcher -B -s /homelocal/nicolas/.m2/settings.xml install
Launcher Type: SUN_STANDARD

Environment Variables:
PATH=/usr/local/sbin:/usr/local/bin:/usr/sbin:/usr/bin:/sbin:/bin:/usr/games:Bureau/tomcat/bin:Bureau/eclipse:/usr/local/usr/tomcat-6.0/bin:/usr/local/ant/bin:/usr/local/mvn/bin:/usr/local/sonar/linux-x86-64
USERNAME=nicolas
LD_LIBRARY_PATH=/usr/lib/jvm/java-6-openjdk/jre/lib/i386/server:/usr/lib/jvm/java-6-openjdk/jre/lib/i386:/usr/lib/jvm/java-6-openjdk/jre/../lib/i386:/usr/lib/jvm/java-6-openjdk/jre/lib/i386/client:/usr/lib/jvm/java-6-openjdk/jre/lib/i386:
SHELL=/bin/bash
DISPLAY=:0.0

Signal Handlers:
SIGSEGV: [libjvm.so+0x656fb0], sa_mask[0]=0x7ffbfeff, sa_flags=0x10000004
SIGBUS: [libjvm.so+0x656fb0], sa_mask[0]=0x7ffbfeff, sa_flags=0x10000004
SIGFPE: [libjvm.so+0x51d4d0], sa_mask[0]=0x7ffbfeff, sa_flags=0x10000004
SIGPIPE: [libjvm.so+0x51d4d0], sa_mask[0]=0x7ffbfeff, sa_flags=0x10000004
SIGXFSZ: [libjvm.so+0x51d4d0], sa_mask[0]=0x7ffbfeff, sa_flags=0x10000004
SIGILL: [libjvm.so+0x51d4d0], sa_mask[0]=0x7ffbfeff, sa_flags=0x10000004
SIGUSR1: SIG_DFL, sa_mask[0]=0x00000000, sa_flags=0x00000000
SIGUSR2: [libjvm.so+0x51d340], sa_mask[0]=0x00000004, sa_flags=0x10000004
SIGHUP: [libjvm.so+0x520130], sa_mask[0]=0x7ffbfeff, sa_flags=0x10000004
SIGINT: [libjvm.so+0x520130], sa_mask[0]=0x7ffbfeff, sa_flags=0x10000004
SIGTERM: [libjvm.so+0x520130], sa_mask[0]=0x7ffbfeff, sa_flags=0x10000004
SIGQUIT: [libjvm.so+0x520130], sa_mask[0]=0x7ffbfeff, sa_flags=0x10000004


---------------  S Y S T E M  ---------------

OS:Ubuntu 11.04 (natty)
uname:Linux 2.6.38-13-generic #53-Ubuntu SMP Mon Nov 28 19:23:39 UTC 2011 i686
libc:glibc 2.13 NPTL 2.13 
rlimit: STACK 8192k, CORE 0k, NPROC infinity, NOFILE 4096, AS infinity
load average:0.95 0.44 0.23

/proc/meminfo:
MemTotal:        3572408 kB
MemFree:          404668 kB
Buffers:          359092 kB
Cached:          1100028 kB
SwapCached:            0 kB
Active:          2236432 kB
Inactive:         799860 kB
Active(anon):    1580424 kB
Inactive(anon):   143340 kB
Active(file):     656008 kB
Inactive(file):   656520 kB
Unevictable:           0 kB
Mlocked:               0 kB
HighTotal:       2719372 kB
HighFree:          24356 kB
LowTotal:         853036 kB
LowFree:          380312 kB
SwapTotal:       8191996 kB
SwapFree:        8191996 kB
Dirty:               928 kB
Writeback:             0 kB
AnonPages:       1577164 kB
Mapped:           137704 kB
Shmem:            146600 kB
Slab:              85468 kB
SReclaimable:      68888 kB
SUnreclaim:        16580 kB
KernelStack:        3696 kB
PageTables:         8184 kB
NFS_Unstable:          0 kB
Bounce:                0 kB
WritebackTmp:          0 kB
CommitLimit:     9978200 kB
Committed_AS:    3204568 kB
VmallocTotal:     122880 kB
VmallocUsed:       31228 kB
VmallocChunk:      77748 kB
HardwareCorrupted:     0 kB
HugePages_Total:       0
HugePages_Free:        0
HugePages_Rsvd:        0
HugePages_Surp:        0
Hugepagesize:       4096 kB
DirectMap4k:       16376 kB
DirectMap4M:      892928 kB


CPU:total 4 (4 cores per cpu, 1 threads per core) family 6 model 23 stepping 10, cmov, cx8, fxsr, mmx, sse, sse2, sse3, ssse3, sse4.1

Memory: 4k page, physical 3572408k(404668k free), swap 8191996k(8191996k free)

vm_info: OpenJDK Server VM (20.0-b11) for linux-x86 JRE (1.6.0_22-b22), built on Oct 25 2011 06:27:31 by "buildd" with gcc 4.5.2

time: Mon Jan 30 09:55:38 2012
elapsed time: 40 seconds

