#
# A fatal error has been detected by the Java Runtime Environment:
#
#  SIGSEGV (0xb) at pc=0xb4a7a2a7, pid=16390, tid=3078732656
#
# JRE version: 6.0_22-b22
# Java VM: OpenJDK Server VM (20.0-b11 mixed mode linux-x86 )
# Derivative: IcedTea6 1.10.4
# Distribution: Ubuntu 11.04, package 6b22-1.10.4-0ubuntu1~11.04.1
# Problematic frame:
# J  com.sun.tools.javac.file.ZipFileIndex$ZipDirectory.readEntry(ILjava/util/List;Ljava/util/Map;)I
#
# If you would like to submit a bug report, please include
# instructions how to reproduce the bug and visit:
#   https://bugs.launchpad.net/ubuntu/+source/openjdk-6/
#

---------------  T H R E A D  ---------------

Current thread (0x08ccf800):  JavaThread "main" [_thread_in_Java, id=16395, stack(0xb77cb000,0xb781c000)]

siginfo:si_signo=SIGSEGV: si_errno=0, si_code=128 (), si_addr=0x00000000

Registers:
EAX=0x000e40a8, EBX=0x00000014, ECX=0xb09b7770, EDX=0x00000056
ESP=0xb7819b40, EBP=0xb09b7748, ESI=0x000e407a, EDI=0x000e4096
EIP=0xb4a7a2a7, EFLAGS=0x00210206, CR2=0x00000004

Top of Stack: (sp=0xb7819b40)
0xb7819b40:   b7819b4c b7819b74 b47ce005 000e4096
0xb7819b50:   000e40a8 b0a149b0 b09b7748 000e407a
0xb7819b60:   00000056 000e4097 00000014 00000000
0xb7819b70:   b7819b7c b7819ba8 b47ce005 000e4016
0xb7819b80:   b0a149b0 000e407a b7819b88 7769fa16
0xb7819b90:   b7819bd0 0016a911 776a1b90 7769faf8
0xb7819ba0:   00000000 b7819bc4 b7819bf4 b47ce005
0xb7819bb0:   a23b0078 a23b0000 000e407a 000e405e 

Instructions: (pc=0xb4a7a2a7)
0xb4a7a287:   5c 24 14 89 74 24 1c 89 6c 24 18 0f b6 54 33 29
0xb4a7a297:   8b 4d 20 c1 e2 08 03 54 24 20 8b 5c 24 28 85 db
0xb4a7a2a7:   0f 85 c8 10 00 00 89 44 24 44 8b ee 03 ea 89 6c
0xb4a7a2b7:   24 20 8b dd 83 c3 2e 89 5c 24 28 8b ec c1 ed 0c 

Register to memory mapping:

EAX=0x000e40a8 is an unknown value
EBX=0x00000014 is an unknown value
ECX=0xb09b7770 is an oop
com.sun.tools.javac.file.ZipFileIndex 
 - klass: 'com/sun/tools/javac/file/ZipFileIndex'
EDX=0x00000056 is an unknown value
ESP=0xb7819b40 is pointing into the stack for thread: 0x08ccf800
EBP=0xb09b7748 is an oop
com.sun.tools.javac.file.ZipFileIndex$ZipDirectory 
 - klass: 'com/sun/tools/javac/file/ZipFileIndex$ZipDirectory'
ESI=0x000e407a is an unknown value
EDI=0x000e4096 is an unknown value


Stack: [0xb77cb000,0xb781c000],  sp=0xb7819b40,  free space=314k
Native frames: (J=compiled Java code, j=interpreted, Vv=VM code, C=native code)
J  com.sun.tools.javac.file.ZipFileIndex$ZipDirectory.readEntry(ILjava/util/List;Ljava/util/Map;)I


---------------  P R O C E S S  ---------------

Java Threads: ( => current thread )
  0x73def000 JavaThread "resolver-5" daemon [_thread_blocked, id=16415, stack(0x730af000,0x73100000)]
  0x73b24000 JavaThread "resolver-4" daemon [_thread_blocked, id=16414, stack(0x72faf000,0x73000000)]
  0x73dcc000 JavaThread "resolver-3" daemon [_thread_blocked, id=16413, stack(0x73230000,0x73281000)]
  0x74013800 JavaThread "resolver-2" daemon [_thread_blocked, id=16412, stack(0x73a3a000,0x73a8b000)]
  0x74746c00 JavaThread "resolver-1" daemon [_thread_blocked, id=16411, stack(0x74d5e000,0x74daf000)]
  0x754c8800 JavaThread "com.google.inject.internal.util.$Finalizer" daemon [_thread_blocked, id=16408, stack(0x74daf000,0x74e00000)]
  0x75415800 JavaThread "Low Memory Detector" daemon [_thread_blocked, id=16406, stack(0x7500b000,0x7505c000)]
  0x75413c00 JavaThread "C2 CompilerThread1" daemon [_thread_in_native, id=16405, stack(0x7505c000,0x750dd000)]
  0x75411800 JavaThread "C2 CompilerThread0" daemon [_thread_in_vm, id=16404, stack(0x750dd000,0x7515e000)]
  0x75410000 JavaThread "Signal Dispatcher" daemon [_thread_blocked, id=16403, stack(0x7515e000,0x751af000)]
  0x75400800 JavaThread "Finalizer" daemon [_thread_blocked, id=16402, stack(0x753af000,0x75400000)]
  0x08d7b000 JavaThread "Reference Handler" daemon [_thread_blocked, id=16401, stack(0x7550c000,0x7555d000)]
=>0x08ccf800 JavaThread "main" [_thread_in_Java, id=16395, stack(0xb77cb000,0xb781c000)]

Other Threads:
  0x08d77000 VMThread [stack: 0x7555d000,0x755de000] [id=16400]
  0x75417800 WatcherThread [stack: 0x74f8a000,0x7500b000] [id=16407]

VM state:not at safepoint (normal execution)

VM Mutex/Monitor currently owned by a thread: None

Heap
 PSYoungGen      total 225920K, used 14385K [0xa23b0000, 0xb1d90000, 0xb4700000)
  eden space 214976K, 1% used [0xa23b0000,0xa270eb08,0xaf5a0000)
  from space 10944K, 99% used [0xb0680000,0xb112dbc0,0xb1130000)
  to   space 17280K, 0% used [0xaf5a0000,0xaf5a0000,0xb0680000)
 PSOldGen        total 37248K, used 20832K [0x7dd00000, 0x80160000, 0xa23b0000)
  object space 37248K, 55% used [0x7dd00000,0x7f1582a8,0x80160000)
 PSPermGen       total 26368K, used 26248K [0x75d00000, 0x776c0000, 0x7dd00000)
  object space 26368K, 99% used [0x75d00000,0x776a2298,0x776c0000)

Code Cache  [0xb47cb000, 0xb4a83000, 0xb77cb000)
 total_blobs=938 nmethods=809 adapters=82 free_code_cache=47545792 largest_free_block=18560

Dynamic libraries:
00110000-0026a000 r-xp 00000000 08:05 782659     /lib/i386-linux-gnu/libc-2.13.so
0026a000-0026b000 ---p 0015a000 08:05 782659     /lib/i386-linux-gnu/libc-2.13.so
0026b000-0026d000 r--p 0015a000 08:05 782659     /lib/i386-linux-gnu/libc-2.13.so
0026d000-0026e000 rw-p 0015c000 08:05 782659     /lib/i386-linux-gnu/libc-2.13.so
0026e000-00271000 rw-p 00000000 00:00 0 
00271000-00350000 r-xp 00000000 08:05 7684       /usr/lib/i386-linux-gnu/libstdc++.so.6.0.14
00350000-00354000 r--p 000de000 08:05 7684       /usr/lib/i386-linux-gnu/libstdc++.so.6.0.14
00354000-00355000 rw-p 000e2000 08:05 7684       /usr/lib/i386-linux-gnu/libstdc++.so.6.0.14
00355000-0035c000 rw-p 00000000 00:00 0 
0035c000-00380000 r-xp 00000000 08:05 782696     /lib/i386-linux-gnu/libm-2.13.so
00380000-00381000 r--p 00023000 08:05 782696     /lib/i386-linux-gnu/libm-2.13.so
00381000-00382000 rw-p 00024000 08:05 782696     /lib/i386-linux-gnu/libm-2.13.so
00382000-0039c000 r-xp 00000000 08:05 782687     /lib/i386-linux-gnu/libgcc_s.so.1
0039c000-0039d000 r--p 00019000 08:05 782687     /lib/i386-linux-gnu/libgcc_s.so.1
0039d000-0039e000 rw-p 0001a000 08:05 782687     /lib/i386-linux-gnu/libgcc_s.so.1
0039e000-003a9000 r-xp 00000000 08:05 11547      /usr/lib/jvm/java-6-openjdk/jre/lib/i386/libverify.so
003a9000-003aa000 ---p 0000b000 08:05 11547      /usr/lib/jvm/java-6-openjdk/jre/lib/i386/libverify.so
003aa000-003ab000 r--p 0000b000 08:05 11547      /usr/lib/jvm/java-6-openjdk/jre/lib/i386/libverify.so
003ab000-003ac000 rw-p 0000c000 08:05 11547      /usr/lib/jvm/java-6-openjdk/jre/lib/i386/libverify.so
003ac000-003b2000 r-xp 00000000 08:05 782701     /lib/i386-linux-gnu/libnss_compat-2.13.so
003b2000-003b3000 r--p 00005000 08:05 782701     /lib/i386-linux-gnu/libnss_compat-2.13.so
003b3000-003b4000 rw-p 00006000 08:05 782701     /lib/i386-linux-gnu/libnss_compat-2.13.so
003b4000-003be000 r-xp 00000000 08:05 782705     /lib/i386-linux-gnu/libnss_files-2.13.so
003be000-003bf000 r--p 00009000 08:05 782705     /lib/i386-linux-gnu/libnss_files-2.13.so
003bf000-003c0000 rw-p 0000a000 08:05 782705     /lib/i386-linux-gnu/libnss_files-2.13.so
003c0000-003c7000 r-xp 00000000 08:05 9970       /usr/lib/jvm/java-6-openjdk/jre/lib/i386/libnio.so
003c7000-003c8000 r--p 00006000 08:05 9970       /usr/lib/jvm/java-6-openjdk/jre/lib/i386/libnio.so
003c8000-003c9000 rw-p 00007000 08:05 9970       /usr/lib/jvm/java-6-openjdk/jre/lib/i386/libnio.so
0047d000-00499000 r-xp 00000000 08:05 782646     /lib/i386-linux-gnu/ld-2.13.so
00499000-0049a000 r--p 0001b000 08:05 782646     /lib/i386-linux-gnu/ld-2.13.so
0049a000-0049b000 rw-p 0001c000 08:05 782646     /lib/i386-linux-gnu/ld-2.13.so
004fd000-004ff000 r-xp 00000000 08:05 782669     /lib/i386-linux-gnu/libdl-2.13.so
004ff000-00500000 r--p 00001000 08:05 782669     /lib/i386-linux-gnu/libdl-2.13.so
00500000-00501000 rw-p 00002000 08:05 782669     /lib/i386-linux-gnu/libdl-2.13.so
005b1000-005b8000 r-xp 00000000 08:05 782728     /lib/i386-linux-gnu/librt-2.13.so
005b8000-005b9000 r--p 00006000 08:05 782728     /lib/i386-linux-gnu/librt-2.13.so
005b9000-005ba000 rw-p 00007000 08:05 782728     /lib/i386-linux-gnu/librt-2.13.so
00774000-00777000 r-xp 00000000 08:05 9945       /usr/lib/jvm/java-6-openjdk/jre/lib/i386/jli/libjli.so
00777000-00778000 r--p 00002000 08:05 9945       /usr/lib/jvm/java-6-openjdk/jre/lib/i386/jli/libjli.so
00778000-00779000 rw-p 00003000 08:05 9945       /usr/lib/jvm/java-6-openjdk/jre/lib/i386/jli/libjli.so
00843000-00856000 r-xp 00000000 08:05 782699     /lib/i386-linux-gnu/libnsl-2.13.so
00856000-00857000 r--p 00012000 08:05 782699     /lib/i386-linux-gnu/libnsl-2.13.so
00857000-00858000 rw-p 00013000 08:05 782699     /lib/i386-linux-gnu/libnsl-2.13.so
00858000-0085a000 rw-p 00000000 00:00 0 
00964000-00987000 r-xp 00000000 08:05 9957       /usr/lib/jvm/java-6-openjdk/jre/lib/i386/libjava.so
00987000-00988000 r--p 00022000 08:05 9957       /usr/lib/jvm/java-6-openjdk/jre/lib/i386/libjava.so
00988000-0098a000 rw-p 00023000 08:05 9957       /usr/lib/jvm/java-6-openjdk/jre/lib/i386/libjava.so
00a99000-00aae000 r-xp 00000000 08:05 782724     /lib/i386-linux-gnu/libpthread-2.13.so
00aae000-00aaf000 r--p 00015000 08:05 782724     /lib/i386-linux-gnu/libpthread-2.13.so
00aaf000-00ab0000 rw-p 00016000 08:05 782724     /lib/i386-linux-gnu/libpthread-2.13.so
00ab0000-00ab2000 rw-p 00000000 00:00 0 
00b32000-00b3b000 r-xp 00000000 08:05 782709     /lib/i386-linux-gnu/libnss_nis-2.13.so
00b3b000-00b3c000 r--p 00008000 08:05 782709     /lib/i386-linux-gnu/libnss_nis-2.13.so
00b3c000-00b3d000 rw-p 00009000 08:05 782709     /lib/i386-linux-gnu/libnss_nis-2.13.so
00ce2000-00cf5000 r-xp 00000000 08:05 9968       /usr/lib/jvm/java-6-openjdk/jre/lib/i386/libnet.so
00cf5000-00cf6000 r--p 00013000 08:05 9968       /usr/lib/jvm/java-6-openjdk/jre/lib/i386/libnet.so
00cf6000-00cf7000 rw-p 00014000 08:05 9968       /usr/lib/jvm/java-6-openjdk/jre/lib/i386/libnet.so
00dbc000-00dcf000 r-xp 00000000 08:05 782742     /lib/i386-linux-gnu/libz.so.1.2.3.4
00dcf000-00dd0000 r--p 00012000 08:05 782742     /lib/i386-linux-gnu/libz.so.1.2.3.4
00dd0000-00dd1000 rw-p 00013000 08:05 782742     /lib/i386-linux-gnu/libz.so.1.2.3.4
00eb0000-00eb6000 r-xp 00000000 08:05 11548      /usr/lib/jvm/java-6-openjdk/jre/lib/i386/libzip.so
00eb6000-00eb7000 r--p 00005000 08:05 11548      /usr/lib/jvm/java-6-openjdk/jre/lib/i386/libzip.so
00eb7000-00eb8000 rw-p 00006000 08:05 11548      /usr/lib/jvm/java-6-openjdk/jre/lib/i386/libzip.so
00ee7000-00ee8000 r-xp 00000000 00:00 0          [vdso]
00ee8000-015ae000 r-xp 00000000 08:05 11551      /usr/lib/jvm/java-6-openjdk/jre/lib/i386/server/libjvm.so
015ae000-015af000 ---p 006c6000 08:05 11551      /usr/lib/jvm/java-6-openjdk/jre/lib/i386/server/libjvm.so
015af000-015f4000 r--p 006c6000 08:05 11551      /usr/lib/jvm/java-6-openjdk/jre/lib/i386/server/libjvm.so
015f4000-01603000 rw-p 0070b000 08:05 11551      /usr/lib/jvm/java-6-openjdk/jre/lib/i386/server/libjvm.so
01603000-01a1d000 rw-p 00000000 00:00 0 
08048000-08051000 r-xp 00000000 08:05 13083      /usr/lib/jvm/java-6-openjdk/jre/bin/java
08051000-08052000 r--p 00008000 08:05 13083      /usr/lib/jvm/java-6-openjdk/jre/bin/java
08052000-08053000 rw-p 00009000 08:05 13083      /usr/lib/jvm/java-6-openjdk/jre/bin/java
08cc8000-0b229000 rw-p 00000000 00:00 0          [heap]
71b00000-71bf5000 rw-p 00000000 00:00 0 
71bf5000-71c00000 ---p 00000000 00:00 0 
71c00000-71c7c000 rw-p 00000000 00:00 0 
71c7c000-71d00000 ---p 00000000 00:00 0 
71e00000-71ef3000 rw-p 00000000 00:00 0 
71ef3000-71f00000 ---p 00000000 00:00 0 
71f00000-71ffd000 rw-p 00000000 00:00 0 
71ffd000-72000000 ---p 00000000 00:00 0 
72000000-720ec000 rw-p 00000000 00:00 0 
720ec000-72100000 ---p 00000000 00:00 0 
72100000-721cc000 rw-p 00000000 00:00 0 
721cc000-72200000 ---p 00000000 00:00 0 
72200000-722d6000 rw-p 00000000 00:00 0 
722d6000-72300000 ---p 00000000 00:00 0 
72300000-723fd000 rw-p 00000000 00:00 0 
723fd000-72400000 ---p 00000000 00:00 0 
72400000-724fc000 rw-p 00000000 00:00 0 
724fc000-72500000 ---p 00000000 00:00 0 
72500000-725ff000 rw-p 00000000 00:00 0 
725ff000-72600000 ---p 00000000 00:00 0 
72600000-726fb000 rw-p 00000000 00:00 0 
726fb000-72700000 ---p 00000000 00:00 0 
72700000-727fc000 rw-p 00000000 00:00 0 
727fc000-72800000 ---p 00000000 00:00 0 
72800000-728db000 rw-p 00000000 00:00 0 
728db000-72900000 ---p 00000000 00:00 0 
72a00000-72bf8000 rw-p 00000000 00:00 0 
72bf8000-72c00000 ---p 00000000 00:00 0 
72c00000-72ccb000 rw-p 00000000 00:00 0 
72ccb000-72d00000 ---p 00000000 00:00 0 
72d00000-72df9000 rw-p 00000000 00:00 0 
72df9000-72e00000 ---p 00000000 00:00 0 
72e00000-72ef1000 rw-p 00000000 00:00 0 
72ef1000-72f00000 ---p 00000000 00:00 0 
72faf000-72fb2000 ---p 00000000 00:00 0 
72fb2000-73000000 rw-p 00000000 00:00 0 
730af000-730b2000 ---p 00000000 00:00 0 
730b2000-73100000 rw-p 00000000 00:00 0 
7318e000-73191000 ---p 00000000 00:00 0 
73191000-731df000 rw-p 00000000 00:00 0 
731df000-731e2000 ---p 00000000 00:00 0 
731e2000-73230000 rw-p 00000000 00:00 0 
73230000-73233000 ---p 00000000 00:00 0 
73233000-73281000 rw-p 00000000 00:00 0 
732af000-732b2000 ---p 00000000 00:00 0 
732b2000-73300000 rw-p 00000000 00:00 0 
73300000-733ff000 rw-p 00000000 00:00 0 
733ff000-73400000 ---p 00000000 00:00 0 
73400000-734ff000 rw-p 00000000 00:00 0 
734ff000-73500000 ---p 00000000 00:00 0 
73500000-735fb000 rw-p 00000000 00:00 0 
735fb000-73600000 ---p 00000000 00:00 0 
73600000-736fb000 rw-p 00000000 00:00 0 
736fb000-73700000 ---p 00000000 00:00 0 
73700000-737fd000 rw-p 00000000 00:00 0 
737fd000-73800000 ---p 00000000 00:00 0 
73800000-738fb000 rw-p 00000000 00:00 0 
738fb000-73900000 ---p 00000000 00:00 0 
73900000-739f4000 rw-p 00000000 00:00 0 
739f4000-73a00000 ---p 00000000 00:00 0 
73a2f000-73a33000 r--s 0002f000 08:09 4325741    /homelocal/nicolas/.m2/repository/commons-lang/commons-lang/2.1/commons-lang-2.1.jar
73a33000-73a36000 r--s 0000a000 08:09 3933512    /homelocal/nicolas/.m2/repository/org/codehaus/plexus/plexus-io/1.0/plexus-io-1.0.jar
73a36000-73a3a000 r--s 00028000 08:09 3933511    /homelocal/nicolas/.m2/repository/org/codehaus/plexus/plexus-archiver/1.0/plexus-archiver-1.0.jar
73a3a000-73a3d000 ---p 00000000 00:00 0 
73a3d000-73a8b000 rw-p 00000000 00:00 0 
73a8b000-73aea000 r--s 00d91000 08:05 156045     /usr/lib/jvm/java-6-openjdk/lib/tools.jar
73aea000-73aeb000 r--s 00002000 08:09 4066047    /homelocal/nicolas/.m2/repository/org/codehaus/plexus/plexus-compiler-javac/1.8/plexus-compiler-javac-1.8.jar
73aeb000-73aed000 r--s 00000000 08:09 3934988    /homelocal/nicolas/.m2/repository/org/codehaus/plexus/plexus-compiler-manager/1.8/plexus-compiler-manager-1.8.jar
73aed000-73aee000 r--s 00004000 08:09 3934989    /homelocal/nicolas/.m2/repository/org/codehaus/plexus/plexus-compiler-api/1.8/plexus-compiler-api-1.8.jar
73aee000-73af0000 r--s 00006000 08:09 4197465    /homelocal/nicolas/.m2/repository/org/apache/maven/plugins/maven-compiler-plugin/2.3.1/maven-compiler-plugin-2.3.1.jar
73af0000-73af2000 r--s 0000d000 08:09 3932972    /homelocal/nicolas/.m2/repository/org/codehaus/plexus/plexus-interpolation/1.13/plexus-interpolation-1.13.jar
73af2000-73af3000 r--s 00001000 08:09 3673451    /homelocal/nicolas/.m2/repository/org/sonatype/plexus/plexus-build-api/0.0.4/plexus-build-api-0.0.4.jar
73af3000-73af5000 r--s 00007000 08:09 4325558    /homelocal/nicolas/.m2/repository/org/apache/maven/shared/maven-filtering/1.0-beta-4/maven-filtering-1.0-beta-4.jar
73af5000-73af6000 r--s 00001000 08:09 4325557    /homelocal/nicolas/.m2/repository/org/apache/maven/doxia/doxia-sink-api/1.0-alpha-7/doxia-sink-api-1.0-alpha-7.jar
73af6000-73af7000 r--s 00005000 08:09 4195923    /homelocal/nicolas/.m2/repository/org/apache/maven/plugins/maven-resources-plugin/2.4.3/maven-resources-plugin-2.4.3.jar
73af7000-73af8000 r--s 00002000 08:09 3934093    /homelocal/nicolas/.m2/repository/org/codehaus/plexus/plexus-digest/1.0/plexus-digest-1.0.jar
73af8000-73afc000 r--s 00033000 08:09 3278792    /homelocal/nicolas/.m2/repository/org/codehaus/plexus/plexus-utils/2.0.5/plexus-utils-2.0.5.jar
73afc000-73aff000 r--s 0001b000 08:09 4325462    /homelocal/nicolas/.m2/repository/junit/junit/3.8.1/junit-3.8.1.jar
73aff000-73b00000 r--s 00005000 08:09 4195970    /homelocal/nicolas/.m2/repository/org/apache/maven/plugins/maven-install-plugin/2.3.1/maven-install-plugin-2.3.1.jar
73b00000-73bf7000 rw-p 00000000 00:00 0 
73bf7000-73c00000 ---p 00000000 00:00 0 
73c00000-73cfd000 rw-p 00000000 00:00 0 
73cfd000-73d00000 ---p 00000000 00:00 0 
73d00000-73df5000 rw-p 00000000 00:00 0 
73df5000-73e00000 ---p 00000000 00:00 0 
73e00000-73ef9000 rw-p 00000000 00:00 0 
73ef9000-73f00000 ---p 00000000 00:00 0 
73f00000-740f6000 rw-p 00000000 00:00 0 
740f6000-74100000 ---p 00000000 00:00 0 
74100000-74300000 rw-p 00000000 00:00 0 
74300000-744fd000 rw-p 00000000 00:00 0 
744fd000-74500000 ---p 00000000 00:00 0 
74500000-745fa000 rw-p 00000000 00:00 0 
745fa000-74600000 ---p 00000000 00:00 0 
74600000-746f9000 rw-p 00000000 00:00 0 
746f9000-74700000 ---p 00000000 00:00 0 
74700000-747f9000 rw-p 00000000 00:00 0 
747f9000-74800000 ---p 00000000 00:00 0 
74800000-748e1000 rw-p 00000000 00:00 0 
748e1000-74900000 ---p 00000000 00:00 0 
74900000-749fd000 rw-p 00000000 00:00 0 
749fd000-74a00000 ---p 00000000 00:00 0 
74a00000-74afd000 rw-p 00000000 00:00 0 
74afd000-74b00000 ---p 00000000 00:00 0 
74b00000-74bff000 rw-p 00000000 00:00 0 
74bff000-74c00000 ---p 00000000 00:00 0 
74c00000-74cfb000 rw-p 00000000 00:00 0 
74cfb000-74d00000 ---p 00000000 00:00 0 
74d02000-74d03000 r--s 00004000 08:09 4325742    /homelocal/nicolas/.m2/repository/org/apache/maven/maven-archiver/2.4.1/maven-archiver-2.4.1.jar
74d03000-74d04000 r--s 00007000 08:09 4195868    /homelocal/nicolas/.m2/repository/org/apache/maven/plugins/maven-jar-plugin/2.3.1/maven-jar-plugin-2.3.1.jar
74d04000-74d05000 r--s 00002000 08:09 4196165    /homelocal/nicolas/.m2/repository/org/apache/maven/reporting/maven-reporting-api/2.0.9/maven-reporting-api-2.0.9.jar
74d05000-74d07000 r--s 00006000 08:09 4325712    /homelocal/nicolas/.m2/repository/org/apache/maven/shared/maven-common-artifact-filters/1.3/maven-common-artifact-filters-1.3.jar
74d07000-74d09000 r--s 0000c000 08:09 4459553    /homelocal/nicolas/.m2/repository/org/apache/maven/surefire/maven-surefire-common/2.7.1/maven-surefire-common-2.7.1.jar
74d09000-74d0c000 r--s 00019000 08:09 4459552    /homelocal/nicolas/.m2/repository/org/apache/maven/surefire/surefire-api/2.7.1/surefire-api-2.7.1.jar
74d0c000-74d0d000 r--s 00007000 08:09 4459551    /homelocal/nicolas/.m2/repository/org/apache/maven/surefire/surefire-booter/2.7.1/surefire-booter-2.7.1.jar
74d0d000-74d0f000 r--s 00006000 08:09 4328746    /homelocal/nicolas/.m2/repository/org/apache/maven/plugins/maven-surefire-plugin/2.7.1/maven-surefire-plugin-2.7.1.jar
74d0f000-74d13000 r--s 0003c000 08:09 4325404    /homelocal/nicolas/.m2/repository/commons-lang/commons-lang/2.4/commons-lang-2.4.jar
74d13000-74d15000 r--s 00005000 08:09 4326689    /homelocal/nicolas/.m2/repository/stax/stax-api/1.0.1/stax-api-1.0.1.jar
74d15000-74d1c000 r--s 00079000 08:09 4458681    /homelocal/nicolas/.m2/repository/org/codehaus/woodstox/wstx-asl/3.2.7/wstx-asl-3.2.7.jar
74d1c000-74d1d000 r--s 00002000 08:09 3933647    /homelocal/nicolas/.m2/repository/org/codehaus/plexus/plexus-i18n/1.0-beta-7/plexus-i18n-1.0-beta-7.jar
74d1d000-74d21000 r--s 00034000 08:09 3934973    /homelocal/nicolas/.m2/repository/org/codehaus/plexus/plexus-utils/1.5.15/plexus-utils-1.5.15.jar
74d21000-74d23000 r--s 00004000 08:09 4325945    /homelocal/nicolas/.m2/repository/org/apache/maven/doxia/doxia-module-xhtml/1.0/doxia-module-xhtml-1.0.jar
74d23000-74d24000 r--s 00006000 08:09 4325944    /homelocal/nicolas/.m2/repository/org/apache/maven/doxia/doxia-module-xdoc/1.0/doxia-module-xdoc-1.0.jar
74d24000-74d25000 r--s 00004000 08:09 4325940    /homelocal/nicolas/.m2/repository/org/apache/maven/doxia/doxia-module-fml/1.0/doxia-module-fml-1.0.jar
74d25000-74d27000 r--s 0000a000 08:09 4325939    /homelocal/nicolas/.m2/repository/org/apache/maven/doxia/doxia-module-apt/1.0/doxia-module-apt-1.0.jar
74d27000-74d34000 r--s 0007f000 08:09 4325938    /homelocal/nicolas/.m2/repository/commons-collections/commons-collections/3.2/commons-collections-3.2.jar
74d34000-74d35000 r--s 0000b000 08:09 4325937    /homelocal/nicolas/.m2/repository/org/apache/maven/doxia/doxia-decoration-model/1.0/doxia-decoration-model-1.0.jar
74d35000-74d3d000 r--s 00058000 08:09 4325935    /homelocal/nicolas/.m2/repository/org/apache/velocity/velocity/1.5/velocity-1.5.jar
74d3d000-74d3e000 r--s 00001000 08:09 3933648    /homelocal/nicolas/.m2/repository/org/codehaus/plexus/plexus-velocity/1.1.7/plexus-velocity-1.1.7.jar
74d3e000-74d40000 r--s 0000a000 08:09 4325930    /homelocal/nicolas/.m2/repository/org/apache/maven/doxia/doxia-site-renderer/1.0/doxia-site-renderer-1.0.jar
74d40000-74d41000 r--s 00002000 08:09 4325926    /homelocal/nicolas/.m2/repository/org/apache/maven/doxia/doxia-sink-api/1.0/doxia-sink-api-1.0.jar
74d41000-74d44000 r--s 00020000 08:09 3934972    /homelocal/nicolas/.m2/repository/org/codehaus/plexus/plexus-archiver/1.0-alpha-7/plexus-archiver-1.0-alpha-7.jar
74d44000-74d46000 r--s 00006000 08:09 4325959    /homelocal/nicolas/.m2/repository/org/apache/maven/shared/maven-common-artifact-filters/1.2/maven-common-artifact-filters-1.2.jar
74d46000-74d49000 r--s 0000b000 08:09 4458678    /homelocal/nicolas/.m2/repository/org/apache/maven/doxia/doxia-core/1.0-alpha-10/doxia-core-1.0-alpha-10.jar
74d49000-74d4e000 r--s 00016000 08:09 4328204    /homelocal/nicolas/.m2/repository/xml-apis/xml-apis/1.0.b2/xml-apis-1.0.b2.jar
74d4e000-74d50000 r--s 0000e000 08:09 4196131    /homelocal/nicolas/.m2/repository/oro/oro/2.0.8/oro-2.0.8.jar
74d50000-74d52000 r--s 00008000 08:09 4195843    /homelocal/nicolas/.m2/repository/commons-logging/commons-logging/1.0.4/commons-logging-1.0.4.jar
74d52000-74d56000 r--s 00026000 08:09 4458672    /homelocal/nicolas/.m2/repository/commons-digester/commons-digester/1.6/commons-digester-1.6.jar
74d56000-74d5b000 r--s 0002a000 08:09 4458674    /homelocal/nicolas/.m2/repository/commons-beanutils/commons-beanutils/1.7.0/commons-beanutils-1.7.0.jar
74d5b000-74d5e000 r--s 00014000 08:09 4458673    /homelocal/nicolas/.m2/repository/commons-validator/commons-validator/1.2.0/commons-validator-1.2.0.jar
74d5e000-74d61000 ---p 00000000 00:00 0 
74d61000-74daf000 rw-p 00000000 00:00 0 
74daf000-74db2000 ---p 00000000 00:00 0 
74db2000-74e00000 rw-p 00000000 00:00 0 
74e00000-74ef9000 rw-p 00000000 00:00 0 
74ef9000-74f00000 ---p 00000000 00:00 0 
74f00000-74f01000 r--s 00002000 08:09 3016838    /homelocal/nicolas/.m2/repository/org/apache/maven/wagon/wagon-file/1.0-beta-2/wagon-file-1.0-beta-2.jar
74f01000-74f02000 r--s 00007000 08:09 4325960    /homelocal/nicolas/.m2/repository/org/apache/maven/shared/maven-plugin-testing-harness/1.1/maven-plugin-testing-harness-1.1.jar
74f02000-74f03000 r--s 00004000 08:09 4458675    /homelocal/nicolas/.m2/repository/org/apache/maven/reporting/maven-reporting-impl/2.0.4.1/maven-reporting-impl-2.0.4.1.jar
74f03000-74f04000 r--s 00002000 08:09 4196159    /homelocal/nicolas/.m2/repository/org/apache/maven/reporting/maven-reporting-api/2.0.6/maven-reporting-api-2.0.6.jar
74f04000-74f06000 r--s 00002000 08:09 3932970    /homelocal/nicolas/.m2/repository/org/codehaus/plexus/plexus-interactivity-api/1.0-alpha-4/plexus-interactivity-api-1.0-alpha-4.jar
74f06000-74f08000 r--s 00006000 08:09 4325559    /homelocal/nicolas/.m2/repository/commons-cli/commons-cli/1.0/commons-cli-1.0.jar
74f08000-74f0b000 r--s 0002f000 08:09 3410852    /homelocal/nicolas/.m2/repository/org/codehaus/mojo/versions-maven-plugin/1.2/versions-maven-plugin-1.2.jar
74f0b000-74f0c000 r--p 00000000 00:00 0 
74f0c000-74f1c000 r--s 000bc000 08:09 3276804    /homelocal/nicolas/Bureau/eclipse/configuration/org.eclipse.osgi/bundles/829/1/.cp/netty-3.2.4.Final.jar
74f1c000-74f22000 r--s 0004c000 08:09 3148800    /homelocal/nicolas/Bureau/eclipse/configuration/org.eclipse.osgi/bundles/756/1/.cp/async-http-client-1.6.3.jar
74f22000-74f24000 r--s 00005000 08:09 3673635    /homelocal/nicolas/Bureau/eclipse/plugins/org.eclipse.m2e.maven.runtime_1.0.100.20110804-1717/jars/wagon-ahc-1.2.0.jar
74f24000-74f26000 r--s 0000c000 08:09 3673629    /homelocal/nicolas/Bureau/eclipse/plugins/org.eclipse.m2e.maven.runtime_1.0.100.20110804-1717/jars/aether-connector-asynchttpclient-1.11.jar
74f26000-74f29000 r--s 0001e000 08:09 3673641    /homelocal/nicolas/Bureau/eclipse/plugins/org.eclipse.m2e.maven.runtime_1.0.100.20110804-1717/jars/aether-impl-1.11.jar
74f29000-74f2b000 r--s 0000d000 08:09 3673611    /homelocal/nicolas/Bureau/eclipse/plugins/org.eclipse.m2e.maven.runtime_1.0.100.20110804-1717/jars/wagon-provider-api-1.0-beta-6.jar
74f2b000-74f2e000 r--s 0001d000 08:09 3673614    /homelocal/nicolas/Bureau/eclipse/plugins/org.eclipse.m2e.maven.runtime_1.0.100.20110804-1717/jars/aether-util-1.11.jar
74f2e000-74f30000 r--s 00004000 08:09 3673631    /homelocal/nicolas/Bureau/eclipse/plugins/org.eclipse.m2e.maven.runtime_1.0.100.20110804-1717/jars/aether-spi-1.11.jar
74f30000-74f33000 r--s 00015000 08:09 3673613    /homelocal/nicolas/Bureau/eclipse/plugins/org.eclipse.m2e.maven.runtime_1.0.100.20110804-1717/jars/aether-api-1.11.jar
74f33000-74f35000 r--s 00007000 08:09 3673630    /homelocal/nicolas/Bureau/eclipse/plugins/org.eclipse.m2e.maven.runtime_1.0.100.20110804-1717/jars/aether-connector-wagon-1.11.jar
74f35000-74f40000 r--s 00073000 08:09 3673602    /homelocal/nicolas/Bureau/eclipse/plugins/org.eclipse.m2e.maven.runtime_1.0.100.20110804-1717/jars/sisu-guice-2.9.4-no_aop.jar
74f40000-74f44000 r--s 00036000 08:09 3673619    /homelocal/nicolas/Bureau/eclipse/plugins/org.eclipse.m2e.maven.runtime_1.0.100.20110804-1717/jars/plexus-utils-2.0.6.jar
74f44000-74f45000 r--s 00005000 08:09 3673638    /homelocal/nicolas/Bureau/eclipse/plugins/org.eclipse.m2e.maven.runtime_1.0.100.20110804-1717/jars/guice-plexus-scanners-2.0.0.jar
74f45000-74f47000 r--s 00006000 08:09 3673620    /homelocal/nicolas/Bureau/eclipse/plugins/org.eclipse.m2e.maven.runtime_1.0.100.20110804-1717/jars/guice-plexus-binders-2.0.0.jar
74f47000-74f48000 r--s 00004000 08:09 3673615    /homelocal/nicolas/Bureau/eclipse/plugins/org.eclipse.m2e.maven.runtime_1.0.100.20110804-1717/jars/guice-plexus-locators-2.0.0.jar
74f48000-74f4a000 r--s 00002000 08:09 3673637    /homelocal/nicolas/Bureau/eclipse/plugins/org.eclipse.m2e.maven.runtime_1.0.100.20110804-1717/jars/guice-plexus-converters-2.0.0.jar
74f4a000-74f4b000 r--s 00004000 08:09 3673634    /homelocal/nicolas/Bureau/eclipse/plugins/org.eclipse.m2e.maven.runtime_1.0.100.20110804-1717/jars/guice-plexus-metadata-2.0.0.jar
74f4b000-74f4d000 r--s 00001000 08:09 3673628    /homelocal/nicolas/Bureau/eclipse/plugins/org.eclipse.m2e.maven.runtime_1.0.100.20110804-1717/jars/guice-bean-converters-2.0.0.jar
74f4d000-74f4f000 r--s 00012000 08:09 3673609    /homelocal/nicolas/Bureau/eclipse/plugins/org.eclipse.m2e.maven.runtime_1.0.100.20110804-1717/jars/guice-bean-scanners-2.0.0.jar
74f4f000-74f51000 r--s 00007000 08:09 3673640    /homelocal/nicolas/Bureau/eclipse/plugins/org.eclipse.m2e.maven.runtime_1.0.100.20110804-1717/jars/guice-bean-binders-2.0.0.jar
74f51000-74f54000 r--s 0000b000 08:09 3673636    /homelocal/nicolas/Bureau/eclipse/plugins/org.eclipse.m2e.maven.runtime_1.0.100.20110804-1717/jars/guice-bean-locators-2.0.0.jar
74f54000-74f56000 r--s 00002000 08:09 3673625    /homelocal/nicolas/Bureau/eclipse/plugins/org.eclipse.m2e.maven.runtime_1.0.100.20110804-1717/jars/guice-bean-inject-2.0.0.jar
74f56000-74f58000 r--s 00009000 08:09 3673612    /homelocal/nicolas/Bureau/eclipse/plugins/org.eclipse.m2e.maven.runtime_1.0.100.20110804-1717/jars/guice-bean-reflect-2.0.0.jar
74f58000-74f59000 r--s 00001000 08:09 3673626    /homelocal/nicolas/Bureau/eclipse/plugins/org.eclipse.m2e.maven.runtime_1.0.100.20110804-1717/jars/javax.inject-1.jar
74f59000-74f5b000 r--s 00001000 08:09 3673622    /homelocal/nicolas/Bureau/eclipse/plugins/org.eclipse.m2e.maven.runtime_1.0.100.20110804-1717/jars/plexus-component-annotations-1.5.5.jar
74f5b000-74f60000 r--s 0001d000 08:09 3673605    /homelocal/nicolas/Bureau/eclipse/plugins/org.eclipse.m2e.maven.runtime_1.0.100.20110804-1717/jars/guice-plexus-shim-2.0.0.jar
74f60000-74f61000 r--s 00003000 08:09 3673604    /homelocal/nicolas/Bureau/eclipse/plugins/org.eclipse.m2e.maven.runtime_1.0.100.20110804-1717/jars/wagon-file-1.0-beta-7.jar
74f61000-74f63000 r--s 0000a000 08:09 3673607    /homelocal/nicolas/Bureau/eclipse/plugins/org.eclipse.m2e.maven.runtime_1.0.100.20110804-1717/jars/commons-cli-1.2.jar
74f63000-74f69000 r--s 00044000 08:09 3673632    /homelocal/nicolas/Bureau/eclipse/plugins/org.eclipse.m2e.maven.runtime_1.0.100.20110804-1717/jars/maven-compat-3.0.2.jar
74f69000-74f6b000 r--s 0000f000 08:09 3673608    /homelocal/nicolas/Bureau/eclipse/plugins/org.eclipse.m2e.maven.runtime_1.0.100.20110804-1717/jars/plexus-interpolation-1.14.jar
74f6b000-74f6d000 r--s 0000d000 08:09 3673623    /homelocal/nicolas/Bureau/eclipse/plugins/org.eclipse.m2e.maven.runtime_1.0.100.20110804-1717/jars/maven-aether-provider-3.0.2.jar
74f6d000-74f6f000 r--s 0000d000 08:09 3673600    /homelocal/nicolas/Bureau/eclipse/plugins/org.eclipse.m2e.maven.runtime_1.0.100.20110804-1717/jars/maven-artifact-3.0.2.jar
74f6f000-74f70000 r--s 00008000 08:09 3673603    /homelocal/nicolas/Bureau/eclipse/plugins/org.eclipse.m2e.maven.runtime_1.0.100.20110804-1717/jars/maven-repository-metadata-3.0.2.jar
74f70000-74f72000 r--s 0000a000 08:09 3673617    /homelocal/nicolas/Bureau/eclipse/plugins/org.eclipse.m2e.maven.runtime_1.0.100.20110804-1717/jars/maven-settings-builder-3.0.2.jar
74f72000-74f74000 r--s 00028000 08:09 3673639    /homelocal/nicolas/Bureau/eclipse/plugins/org.eclipse.m2e.maven.runtime_1.0.100.20110804-1717/jars/maven-model-3.0.2.jar
74f74000-74f80000 r--s 00081000 08:09 3673610    /homelocal/nicolas/Bureau/eclipse/plugins/org.eclipse.m2e.maven.runtime_1.0.100.20110804-1717/jars/maven-core-3.0.2.jar
74f80000-74f81000 r--s 00004000 08:09 3673601    /homelocal/nicolas/Bureau/eclipse/plugins/org.eclipse.m2e.maven.runtime_1.0.100.20110804-1717/jars/plexus-cipher-1.4.jar
74f81000-74f83000 r--s 00007000 08:09 3673616    /homelocal/nicolas/Bureau/eclipse/plugins/org.eclipse.m2e.maven.runtime_1.0.100.20110804-1717/jars/plexus-sec-dispatcher-1.3.jar
74f83000-74f88000 r--s 00023000 08:09 3673633    /homelocal/nicolas/Bureau/eclipse/plugins/org.eclipse.m2e.maven.runtime_1.0.100.20110804-1717/jars/maven-model-builder-3.0.2.jar
74f88000-74f8a000 r--s 0000c000 08:09 3673627    /homelocal/nicolas/Bureau/eclipse/plugins/org.eclipse.m2e.maven.runtime_1.0.100.20110804-1717/jars/maven-plugin-api-3.0.2.jar
74f8a000-74f8b000 ---p 00000000 00:00 0 
74f8b000-7500b000 rw-p 00000000 00:00 0 
7500b000-7500e000 ---p 00000000 00:00 0 
7500e000-7505c000 rw-p 00000000 00:00 0 
7505c000-7505f000 ---p 00000000 00:00 0 
7505f000-750dd000 rw-p 00000000 00:00 0 
750dd000-750e0000 ---p 00000000 00:00 0 
750e0000-7515e000 rw-p 00000000 00:00 0 
7515e000-75161000 ---p 00000000 00:00 0 
75161000-751af000 rw-p 00000000 00:00 0 
751af000-753af000 r--p 00000000 08:05 9348       /usr/lib/locale/locale-archive
753af000-753b2000 ---p 00000000 00:00 0 
753b2000-75400000 rw-p 00000000 00:00 0 
75400000-754ff000 rw-p 00000000 00:00 0 
754ff000-75500000 ---p 00000000 00:00 0 
75500000-75501000 r--s 0000c000 08:09 3673618    /homelocal/nicolas/Bureau/eclipse/plugins/org.eclipse.m2e.maven.runtime_1.0.100.20110804-1717/jars/maven-settings-3.0.2.jar
75501000-75502000 r--s 0000b000 08:09 3673624    /homelocal/nicolas/Bureau/eclipse/plugins/org.eclipse.m2e.maven.runtime_1.0.100.20110804-1717/jars/maven-embedder-3.0.2.jar
75502000-75509000 r--s 000fb000 08:05 9935       /usr/lib/jvm/java-6-openjdk/jre/lib/resources.jar
75509000-7550c000 r--s 0007d000 08:05 9931       /usr/lib/jvm/java-6-openjdk/jre/lib/jsse.jar
7550c000-7550f000 ---p 00000000 00:00 0 
7550f000-7555d000 rw-p 00000000 00:00 0 
7555d000-7555e000 ---p 00000000 00:00 0 
7555e000-75611000 rw-p 00000000 00:00 0 
75611000-757a2000 r--s 037b1000 08:05 9941       /usr/lib/jvm/java-6-openjdk/jre/lib/rt.jar
757a2000-757a3000 ---p 00000000 00:00 0 
757a3000-75823000 rw-p 00000000 00:00 0 
75823000-75824000 ---p 00000000 00:00 0 
75824000-758a4000 rw-p 00000000 00:00 0 
758a4000-758a5000 ---p 00000000 00:00 0 
758a5000-75925000 rw-p 00000000 00:00 0 
75925000-75926000 ---p 00000000 00:00 0 
75926000-759b3000 rw-p 00000000 00:00 0 
759b3000-759e6000 rw-p 00000000 00:00 0 
759e6000-759f9000 rw-p 00000000 00:00 0 
759f9000-75b0a000 rw-p 00000000 00:00 0 
75b0a000-75b17000 rw-p 00000000 00:00 0 
75b17000-75b4a000 rw-p 00000000 00:00 0 
75b4a000-75b5d000 rw-p 00000000 00:00 0 
75b5d000-75c6d000 rw-p 00000000 00:00 0 
75c6d000-75ceb000 rw-p 00000000 00:00 0 
75ceb000-75cff000 rw-p 00000000 00:00 0 
75cff000-776c0000 rw-p 00000000 00:00 0 
776c0000-7dd00000 rw-p 00000000 00:00 0 
7dd00000-80160000 rw-p 00000000 00:00 0 
80160000-a23b0000 rw-p 00000000 00:00 0 
a23b0000-b1d90000 rw-p 00000000 00:00 0 
b1d90000-b4700000 rw-p 00000000 00:00 0 
b4700000-b4703000 r--s 0000f000 08:05 6887       /usr/lib/jvm/java-6-openjdk/jre/lib/ext/pulse-java.jar
b4703000-b470b000 r--s 00066000 08:05 293132     /usr/share/java/gnome-java-bridge.jar
b470b000-b4716000 rw-p 00000000 00:00 0 
b4716000-b47cb000 rw-p 00000000 00:00 0 
b47cb000-b4a83000 rwxp 00000000 00:00 0 
b4a83000-b77cb000 rw-p 00000000 00:00 0 
b77cb000-b77ce000 ---p 00000000 00:00 0 
b77ce000-b781f000 rw-p 00000000 00:00 0 
b781f000-b7821000 r--s 00009000 08:09 3148445    /homelocal/nicolas/Bureau/eclipse/plugins/org.eclipse.m2e.maven.runtime_1.0.100.20110804-1717/local-patches.jar
b7821000-b7824000 r--s 0000b000 08:09 3673606    /homelocal/nicolas/Bureau/eclipse/plugins/org.eclipse.m2e.maven.runtime_1.0.100.20110804-1717/jars/plexus-classworlds-2.4.jar
b7824000-b7825000 r--p 007ed000 08:05 9348       /usr/lib/locale/locale-archive
b7825000-b782d000 rw-s 00000000 08:05 541884     /tmp/hsperfdata_nicolas/16390
b782d000-b782e000 rw-p 00000000 00:00 0 
b782e000-b782f000 r--p 00000000 00:00 0 
b782f000-b7831000 rw-p 00000000 00:00 0 
bf821000-bf842000 rw-p 00000000 00:00 0          [stack]

VM Arguments:
jvm_args: -Dmaven.home=EMBEDDED -Dclassworlds.conf=/homelocal/nicolas/fsnet/.metadata/.plugins/org.eclipse.m2e.core/launches/m2conf6376284061086411764.tmp -Dfile.encoding=UTF-8 
java_command: org.codehaus.plexus.classworlds.launcher.Launcher -B -s /homelocal/nicolas/.m2/settings.xml install
Launcher Type: SUN_STANDARD

Environment Variables:
PATH=/usr/local/sbin:/usr/local/bin:/usr/sbin:/usr/bin:/sbin:/bin:/usr/games:Bureau/tomcat/bin:Bureau/eclipse:/usr/local/usr/tomcat-6.0/bin:/usr/local/ant/bin:/usr/local/mvn/bin:/usr/local/sonar/linux-x86-64
USERNAME=nicolas
LD_LIBRARY_PATH=/usr/lib/jvm/java-6-openjdk/jre/lib/i386/server:/usr/lib/jvm/java-6-openjdk/jre/lib/i386:/usr/lib/jvm/java-6-openjdk/jre/../lib/i386:/usr/lib/jvm/java-6-openjdk/jre/lib/i386/client:/usr/lib/jvm/java-6-openjdk/jre/lib/i386:
SHELL=/bin/bash
DISPLAY=:0.0

Signal Handlers:
SIGSEGV: [libjvm.so+0x656fb0], sa_mask[0]=0x7ffbfeff, sa_flags=0x10000004
SIGBUS: [libjvm.so+0x656fb0], sa_mask[0]=0x7ffbfeff, sa_flags=0x10000004
SIGFPE: [libjvm.so+0x51d4d0], sa_mask[0]=0x7ffbfeff, sa_flags=0x10000004
SIGPIPE: [libjvm.so+0x51d4d0], sa_mask[0]=0x7ffbfeff, sa_flags=0x10000004
SIGXFSZ: [libjvm.so+0x51d4d0], sa_mask[0]=0x7ffbfeff, sa_flags=0x10000004
SIGILL: [libjvm.so+0x51d4d0], sa_mask[0]=0x7ffbfeff, sa_flags=0x10000004
SIGUSR1: SIG_DFL, sa_mask[0]=0x00000000, sa_flags=0x00000000
SIGUSR2: [libjvm.so+0x51d340], sa_mask[0]=0x00000004, sa_flags=0x10000004
SIGHUP: [libjvm.so+0x520130], sa_mask[0]=0x7ffbfeff, sa_flags=0x10000004
SIGINT: [libjvm.so+0x520130], sa_mask[0]=0x7ffbfeff, sa_flags=0x10000004
SIGTERM: [libjvm.so+0x520130], sa_mask[0]=0x7ffbfeff, sa_flags=0x10000004
SIGQUIT: [libjvm.so+0x520130], sa_mask[0]=0x7ffbfeff, sa_flags=0x10000004


---------------  S Y S T E M  ---------------

OS:Ubuntu 11.04 (natty)
uname:Linux 2.6.38-13-generic #53-Ubuntu SMP Mon Nov 28 19:23:39 UTC 2011 i686
libc:glibc 2.13 NPTL 2.13 
rlimit: STACK 8192k, CORE 0k, NPROC infinity, NOFILE 4096, AS infinity
load average:0.27 0.36 0.32

/proc/meminfo:
MemTotal:        3572408 kB
MemFree:          579276 kB
Buffers:          220284 kB
Cached:          1035604 kB
SwapCached:            0 kB
Active:          2198928 kB
Inactive:         664740 kB
Active(anon):    1608288 kB
Inactive(anon):   100244 kB
Active(file):     590640 kB
Inactive(file):   564496 kB
Unevictable:           0 kB
Mlocked:               0 kB
HighTotal:       2719372 kB
HighFree:          58580 kB
LowTotal:         853036 kB
LowFree:          520696 kB
SwapTotal:       8191996 kB
SwapFree:        8191996 kB
Dirty:               960 kB
Writeback:             0 kB
AnonPages:       1608384 kB
Mapped:           129896 kB
Shmem:            100536 kB
Slab:              82756 kB
SReclaimable:      66368 kB
SUnreclaim:        16388 kB
KernelStack:        3544 kB
PageTables:         8404 kB
NFS_Unstable:          0 kB
Bounce:                0 kB
WritebackTmp:          0 kB
CommitLimit:     9978200 kB
Committed_AS:    3019464 kB
VmallocTotal:     122880 kB
VmallocUsed:       31168 kB
VmallocChunk:      83412 kB
HardwareCorrupted:     0 kB
HugePages_Total:       0
HugePages_Free:        0
HugePages_Rsvd:        0
HugePages_Surp:        0
Hugepagesize:       4096 kB
DirectMap4k:       16376 kB
DirectMap4M:      892928 kB


CPU:total 4 (4 cores per cpu, 1 threads per core) family 6 model 23 stepping 10, cmov, cx8, fxsr, mmx, sse, sse2, sse3, ssse3, sse4.1

Memory: 4k page, physical 3572408k(579276k free), swap 8191996k(8191996k free)

vm_info: OpenJDK Server VM (20.0-b11) for linux-x86 JRE (1.6.0_22-b22), built on Oct 25 2011 06:27:31 by "buildd" with gcc 4.5.2

time: Fri Jan 27 13:24:50 2012
elapsed time: 13 seconds

